2018-08-06 16:45:11,319 - request - DEBUG - driver初始化完成
2018-08-06 17:07:34,452 - request - DEBUG - driver初始化完成
2018-08-06 17:10:15,424 - request - DEBUG - 一个debug信息
2018-08-06 17:10:15,425 - request - INFO - 一个info信息
2018-08-06 17:10:15,425 - request - WARNING - 一个warning信息
2018-08-06 17:10:15,425 - request - ERROR - 一个error信息
2018-08-06 17:10:15,425 - request - CRITICAL - 一个致命critical信息
2018-08-06 17:12:40,663 - request - DEBUG - 一个debug信息
2018-08-06 17:12:40,663 - request - INFO - 一个info信息
2018-08-06 17:12:40,663 - request - WARNING - 一个warning信息
2018-08-06 17:12:40,663 - request - ERROR - 一个error信息
2018-08-06 17:12:40,663 - request - CRITICAL - 一个致命critical信息
2018-08-06 17:14:16,969 - request - DEBUG - driver初始化完成
2018-08-06 17:15:12,294 - request - DEBUG - 寻找句柄中
2018-08-06 17:15:13,779 - request - DEBUG - 句柄切换成功
2018-08-06 17:15:16,258 - request - DEBUG - 进入到购物车页面！
2018-08-06 17:22:23,216 - request - DEBUG - 一个debug信息
2018-08-06 17:22:23,217 - request - INFO - 一个info信息
2018-08-06 17:22:23,217 - request - WARNING - 一个warning信息
2018-08-06 17:22:23,217 - request - ERROR - 一个error信息
2018-08-06 17:22:23,217 - request - CRITICAL - 一个致命critical信息
2018-08-06 17:35:42,690 - request - DEBUG - driver初始化完成
2018-08-06 17:36:35,907 - request - DEBUG - 寻找句柄中
2018-08-06 17:36:37,371 - request - DEBUG - 句柄切换成功
2018-08-06 17:36:40,036 - request - DEBUG - 进入到购物车页面！
2018-08-06 17:40:00,723 - request - DEBUG - driver初始化完成
2018-08-06 17:41:14,206 - request - DEBUG - driver初始化完成
2018-08-06 17:41:35,086 - request - DEBUG - 微信已登录，请直接操作！
2018-08-06 17:42:16,941 - request - DEBUG - 寻找句柄中
2018-08-06 17:42:18,799 - request - DEBUG - 句柄切换成功
2018-08-06 17:42:20,995 - request - DEBUG - 进入商品黑森林详情
2018-08-06 17:42:44,163 - request - DEBUG - 加入购物车成功
2018-08-06 18:02:44,749 - request - DEBUG - driver初始化完成
2018-08-06 18:03:17,243 - request - DEBUG - 微信已登录，请直接操作！
2018-08-06 18:03:58,725 - request - DEBUG - 寻找句柄中
2018-08-06 18:04:00,645 - request - DEBUG - 句柄切换成功
2018-08-06 18:04:04,628 - request - DEBUG - 进入商品黑森林详情失败！
2018-08-06 18:04:28,607 - request - DEBUG - 加入购物车成功
2018-08-06 18:10:06,493 - request - DEBUG - driver初始化完成
2018-08-06 18:10:27,477 - request - DEBUG - 微信已登录，请直接操作！
2018-08-06 18:11:07,910 - request - DEBUG - 寻找句柄中
2018-08-06 18:11:09,762 - request - DEBUG - 句柄切换成功
2018-08-06 18:11:11,515 - request - DEBUG - 进入到购物车页面！
2018-08-06 18:12:33,020 - request - DEBUG - driver初始化完成
2018-08-06 18:12:55,197 - request - DEBUG - 微信已登录，请直接操作！
2018-08-06 18:13:46,492 - request - DEBUG - 寻找句柄中
2018-08-06 18:13:50,060 - request - DEBUG - 句柄切换成功
2018-08-06 18:22:42,583 - request - DEBUG - driver初始化完成
2018-08-06 18:23:03,202 - request - DEBUG - 微信已登录，请直接操作！
2018-08-06 18:23:44,003 - request - DEBUG - 寻找句柄中
2018-08-06 18:23:45,436 - request - DEBUG - 句柄切换成功
2018-08-06 18:23:49,400 - request - DEBUG - 进入商品Strawberry Fool 卡百利详情
2018-08-06 18:25:15,490 - request - DEBUG - driver初始化完成
2018-08-06 18:25:35,642 - request - DEBUG - 微信已登录，请直接操作！
2018-08-06 18:26:15,964 - request - DEBUG - 寻找句柄中
2018-08-06 18:26:17,402 - request - DEBUG - 句柄切换成功
2018-08-06 18:26:20,409 - request - DEBUG - 进入商品Strawberry Fool 卡百利详情
2018-08-06 18:26:44,363 - request - DEBUG - 加入购物车成功
2018-08-06 18:56:59,041 - request - DEBUG - driver初始化完成
2018-08-06 18:57:19,436 - request - DEBUG - 微信已登录，请直接操作！
2018-08-06 18:58:00,119 - request - DEBUG - 寻找句柄中
2018-08-06 18:58:01,502 - request - DEBUG - 句柄切换成功
2018-08-06 18:58:06,082 - request - DEBUG - 进入商品Strawberry Fool 卡百利详情
2018-08-07 09:44:19,182 - request - DEBUG - driver初始化完成
2018-08-07 09:44:35,054 - request - DEBUG - 微信登录成功
2018-08-07 09:45:28,124 - request - DEBUG - 寻找句柄中
2018-08-07 09:45:29,610 - request - DEBUG - 句柄切换成功
2018-08-07 09:45:34,447 - request - DEBUG - 进入商品Strawberry Fool 卡百利详情
2018-08-07 09:45:57,789 - request - DEBUG - 加入购物车成功
2018-08-07 09:58:28,958 - request - DEBUG - 一个debug信息
2018-08-07 09:58:28,958 - request - INFO - 一个info信息
2018-08-07 09:58:28,958 - request - WARNING - 一个warning信息
2018-08-07 09:58:28,958 - request - ERROR - 一个error信息
2018-08-07 09:58:28,959 - request - CRITICAL - 一个致命critical信息
2018-08-07 09:59:54,471 - request - DEBUG - 一个debug信息
2018-08-07 09:59:54,471 - request - INFO - 一个info信息
2018-08-07 09:59:54,471 - request - WARNING - 一个warning信息
2018-08-07 09:59:54,471 - request - ERROR - 一个error信息
2018-08-07 09:59:54,471 - request - CRITICAL - 一个致命critical信息
2018-08-07 10:07:01,243 - request - DEBUG - 一个debug信息
2018-08-07 10:07:01,243 - request - INFO - 一个info信息
2018-08-07 10:07:01,243 - request - WARNING - 一个warning信息
2018-08-07 10:07:01,243 - request - ERROR - 一个error信息
2018-08-07 10:07:01,243 - request - CRITICAL - 一个致命critical信息
2018-08-07 10:14:57,777 - request - DEBUG - 一个debug信息
2018-08-07 10:14:57,777 - request - INFO - 一个info信息
2018-08-07 10:14:57,777 - request - WARNING - 一个warning信息
2018-08-07 10:14:57,778 - request - ERROR - 一个error信息
2018-08-07 10:14:57,778 - request - CRITICAL - 一个致命critical信息
2018-08-07 11:45:44,703 - request - DEBUG - driver初始化完成
2018-08-07 11:46:05,007 - request - DEBUG - 微信已登录，请直接操作！
2018-08-07 11:46:45,325 - request - DEBUG - 寻找句柄中
2018-08-07 11:46:46,858 - request - DEBUG - 句柄切换成功
2018-08-07 11:46:50,524 - request - DEBUG - 进入商品Strawberry Fool 卡百利详情
2018-08-07 11:47:14,601 - request - DEBUG - 加入购物车成功
2018-08-07 11:48:44,050 - request - DEBUG - driver初始化完成
2018-08-07 11:49:04,566 - request - DEBUG - 微信已登录，请直接操作！
2018-08-07 11:49:45,381 - request - DEBUG - 寻找句柄中
2018-08-07 11:49:46,874 - request - DEBUG - 句柄切换成功
2018-08-07 11:49:51,708 - request - DEBUG - 进入商品Strawberry Fool 卡百利详情
2018-08-07 11:51:08,130 - request - DEBUG - driver初始化完成
2018-08-07 11:51:29,818 - request - DEBUG - 微信已登录，请直接操作！
2018-08-07 11:52:21,095 - request - DEBUG - 寻找句柄中
2018-08-07 11:52:24,990 - request - DEBUG - 句柄切换成功
2018-08-07 11:52:35,811 - request - DEBUG - 进入商品Strawberry Fool 卡百利详情
2018-08-07 13:57:14,179 - request - DEBUG - driver初始化完成
2018-08-07 13:59:21,047 - request - DEBUG - driver初始化完成
2018-08-07 14:00:03,371 - request - DEBUG - driver初始化完成
2018-08-07 14:00:30,879 - request - DEBUG - 微信登录成功
2018-08-07 14:01:31,589 - request - DEBUG - 寻找句柄中
2018-08-07 14:01:35,238 - request - DEBUG - 句柄切换成功
2018-08-07 14:01:46,129 - request - DEBUG - 进入商品Strawberry Fool 卡百利详情
2018-08-07 14:01:46,131 - request - DEBUG - *************开始测试*************
2018-08-07 14:02:06,847 - request - DEBUG - 进入主页失败！
2018-08-07 14:10:31,012 - request - DEBUG - driver初始化完成
2018-08-07 14:11:01,014 - request - DEBUG - 微信已登录，请直接操作！
2018-08-07 14:11:41,975 - request - DEBUG - 寻找句柄中
2018-08-07 14:11:43,457 - request - DEBUG - 句柄切换成功
2018-08-07 14:11:48,936 - request - DEBUG - 进入商品Strawberry Fool 卡百利详情
2018-08-07 14:11:48,937 - request - DEBUG - *************开始测试*************
2018-08-07 14:12:02,615 - request - DEBUG - 进入主页失败！
2018-08-07 14:29:34,346 - request - DEBUG - driver初始化完成
2018-08-07 14:29:55,114 - request - DEBUG - 微信已登录，请直接操作！
2018-08-07 14:30:35,382 - request - DEBUG - 寻找句柄中
2018-08-07 14:30:37,159 - request - DEBUG - 句柄切换成功
2018-08-07 14:30:40,519 - request - DEBUG - 进入商品Strawberry Fool 卡百利详情
2018-08-07 14:51:41,517 - request - DEBUG - driver初始化完成
2018-08-07 14:51:56,749 - request - DEBUG - 微信已登录，请直接操作！
2018-08-07 14:52:37,287 - request - DEBUG - 寻找句柄中
2018-08-07 14:52:38,791 - request - DEBUG - 句柄切换成功
2018-08-07 14:52:44,334 - request - DEBUG - 进入商品Strawberry Fool 卡百利详情
2018-08-07 14:53:27,690 - request - DEBUG - driver初始化完成
2018-08-07 14:53:58,623 - request - DEBUG - 微信已登录，请直接操作！
2018-08-07 14:54:53,253 - request - DEBUG - 寻找句柄中
2018-08-07 14:54:57,070 - request - DEBUG - 句柄切换成功
2018-08-07 14:55:07,282 - request - DEBUG - 进入商品Strawberry Fool 卡百利详情
2018-08-07 14:57:23,067 - request - DEBUG - driver初始化完成
2018-08-07 14:57:24,509 - request - DEBUG - 微信已登录，请直接操作！
2018-08-07 15:04:33,828 - request - DEBUG - driver初始化完成
2018-08-07 15:05:16,306 - request - DEBUG - driver初始化完成
2018-08-07 15:05:28,543 - request - DEBUG - 微信已登录，请直接操作！
2018-08-07 15:19:04,549 - request - DEBUG - driver初始化完成
2018-08-07 15:19:18,230 - request - DEBUG - 微信已登录，请直接操作！
2018-08-07 15:21:13,604 - request - DEBUG - driver初始化完成
2018-08-07 15:21:34,324 - request - DEBUG - 微信已登录，请直接操作！
2018-08-07 15:25:07,143 - request - DEBUG - driver初始化完成
2018-08-07 15:25:33,069 - request - DEBUG - 微信已登录，请直接操作！
2018-08-07 15:25:51,148 - request - DEBUG - driver初始化完成
2018-08-07 15:26:22,449 - request - DEBUG - 微信已登录，请直接操作！
2018-08-07 15:28:32,981 - request - DEBUG - driver初始化完成
2018-08-07 15:29:03,175 - request - DEBUG - 微信已登录，请直接操作！
2018-08-07 15:31:04,905 - request - DEBUG - driver初始化完成
2018-08-07 15:31:19,814 - request - DEBUG - 微信已登录，请直接操作！
2018-08-07 15:32:01,222 - request - DEBUG - 寻找句柄中
2018-08-07 15:32:02,667 - request - DEBUG - 句柄切换成功
2018-08-07 15:32:08,358 - request - DEBUG - 进入商品Strawberry Fool 卡百利详情
2018-08-07 15:32:41,216 - request - DEBUG - driver初始化完成
2018-08-07 15:32:53,045 - request - DEBUG - 微信已登录，请直接操作！
2018-08-07 15:33:48,272 - request - DEBUG - 寻找句柄中
2018-08-07 15:33:52,148 - request - DEBUG - 句柄切换成功
2018-08-07 15:34:03,246 - request - DEBUG - 进入商品Strawberry Fool 卡百利详情
2018-08-07 17:33:11,012 - request - DEBUG - driver初始化完成
2018-08-07 17:33:25,768 - request - DEBUG - 微信已登录，请直接操作！
2018-08-07 17:34:06,303 - request - DEBUG - 寻找句柄中
2018-08-07 17:34:08,128 - request - DEBUG - 句柄切换成功
2018-08-07 17:34:12,602 - request - DEBUG - 进入商品Strawberry Fool 卡百利详情
2018-08-07 17:34:12,602 - request - DEBUG - *************开始测试商详页面*************
2018-08-07 17:34:12,605 - request - DEBUG - 开始执行测试用例！
2018-08-07 17:34:20,340 - request - DEBUG - 测试用例执行完成
2018-08-07 17:34:20,344 - request - DEBUG - 开始执行测试用例！
2018-08-07 17:34:21,074 - request - DEBUG - 测试用例执行完成
2018-08-07 17:34:21,077 - request - DEBUG - 开始执行测试用例！
2018-08-07 17:34:21,436 - request - DEBUG - 测试用例执行完成
2018-08-07 17:34:21,438 - request - DEBUG - 开始执行测试用例！
2018-08-07 17:34:21,561 - request - DEBUG - 测试用例执行完成
2018-08-07 17:34:21,564 - request - DEBUG - 开始执行测试用例！
2018-08-07 17:34:21,670 - request - DEBUG - 测试用例执行完成
2018-08-07 17:34:21,673 - request - DEBUG - 开始执行测试用例！
2018-08-07 17:34:22,788 - request - DEBUG - 测试用例执行完成
2018-08-07 17:34:22,793 - request - DEBUG - *************商详页面测试结束*************
2018-08-07 17:34:32,910 - request - DEBUG - 进入主页失败！
2018-08-07 17:41:30,897 - request - DEBUG - driver初始化完成
2018-08-07 17:41:48,827 - request - DEBUG - 微信已登录，请直接操作！
2018-08-07 17:42:28,882 - request - DEBUG - 寻找句柄中
2018-08-07 17:42:30,452 - request - DEBUG - 寻找句柄中
2018-08-07 17:43:01,447 - request - DEBUG - driver初始化完成
2018-08-07 17:43:13,707 - request - DEBUG - 微信已登录，请直接操作！
2018-08-07 17:44:06,198 - request - DEBUG - 寻找句柄中
2018-08-07 17:44:10,113 - request - DEBUG - 句柄切换成功
2018-08-07 17:44:19,614 - request - DEBUG - 进入商品Strawberry Fool 卡百利详情
2018-08-07 17:44:19,615 - request - DEBUG - *************开始测试商详页面*************
2018-08-07 17:44:19,617 - request - DEBUG - 开始执行测试用例！
2018-08-07 17:44:36,232 - request - DEBUG - 测试用例执行完成
2018-08-07 17:44:38,341 - request - DEBUG - 开始执行测试用例！
2018-08-07 17:44:40,603 - request - DEBUG - 测试用例执行完成
2018-08-07 17:44:42,605 - request - DEBUG - 开始执行测试用例！
2018-08-07 17:44:44,736 - request - DEBUG - 测试用例执行完成
2018-08-07 17:44:46,985 - request - DEBUG - 开始执行测试用例！
2018-08-07 17:44:48,565 - request - DEBUG - 测试用例执行完成
2018-08-07 17:44:50,670 - request - DEBUG - 开始执行测试用例！
2018-08-07 17:44:52,385 - request - DEBUG - 测试用例执行完成
2018-08-07 17:44:54,408 - request - DEBUG - 开始执行测试用例！
2018-08-07 17:44:56,413 - request - DEBUG - 测试用例执行完成
2018-08-07 17:44:58,429 - request - DEBUG - *************商详页面测试结束*************
2018-08-07 17:45:00,436 - request - DEBUG - 进入主页失败！
2018-08-07 18:26:21,774 - request - DEBUG - driver初始化完成
2018-08-07 18:26:34,250 - request - DEBUG - 微信已登录，请直接操作！
2018-08-07 18:27:25,924 - request - DEBUG - 寻找句柄中
2018-08-07 18:27:29,394 - request - DEBUG - 句柄切换成功
2018-08-07 18:27:40,367 - request - DEBUG - 进入商品Strawberry Fool 卡百利详情
2018-08-07 18:27:40,368 - request - DEBUG - *************开始测试商详页面*************
2018-08-07 18:27:40,372 - request - DEBUG - 开始执行测试用例！
2018-08-07 18:28:06,924 - request - DEBUG - 进入主页失败！
2018-08-07 18:28:08,081 - request - DEBUG - 测试用例执行完成
2018-08-07 18:28:12,803 - request - DEBUG - 开始执行测试用例！
2018-08-07 18:28:14,115 - request - DEBUG - 测试用例执行完成
2018-08-07 18:28:17,033 - request - DEBUG - 开始执行测试用例！
2018-08-07 18:28:19,301 - request - DEBUG - 测试用例执行完成
2018-08-07 18:28:22,135 - request - DEBUG - 开始执行测试用例！
2018-08-07 18:28:24,295 - request - DEBUG - 测试用例执行完成
2018-08-07 18:28:27,759 - request - DEBUG - 开始执行测试用例！
2018-08-07 18:28:29,237 - request - DEBUG - 测试用例执行完成
2018-08-07 18:28:32,285 - request - DEBUG - 开始执行测试用例！
2018-08-07 18:28:35,916 - request - DEBUG - 测试用例执行完成
2018-08-07 18:28:37,935 - request - DEBUG - *************商详页面测试结束*************
2018-08-07 18:28:39,938 - request - DEBUG - 进入主页失败！
2018-08-07 18:30:10,693 - request - DEBUG - driver初始化完成
2018-08-07 18:30:22,708 - request - DEBUG - 微信已登录，请直接操作！
2018-08-07 18:31:03,965 - request - DEBUG - 寻找句柄中
2018-08-07 18:31:05,739 - request - DEBUG - 句柄切换成功
2018-08-07 18:31:09,840 - request - DEBUG - 进入商品Strawberry Fool 卡百利详情
2018-08-07 18:33:45,207 - request - DEBUG - driver初始化完成
2018-08-07 18:33:58,421 - request - DEBUG - 微信已登录，请直接操作！
2018-08-07 18:34:50,597 - request - DEBUG - 寻找句柄中
2018-08-07 18:34:54,085 - request - DEBUG - 句柄切换成功
2018-08-07 18:35:04,379 - request - DEBUG - 进入商品Strawberry Fool 卡百利详情
2018-08-07 18:35:14,707 - request - DEBUG - 进入主页失败！
2018-08-07 18:37:10,119 - request - DEBUG - driver初始化完成
2018-08-07 18:37:32,708 - request - DEBUG - 微信已登录，请直接操作！
2018-08-07 18:38:13,513 - request - DEBUG - 寻找句柄中
2018-08-07 18:38:15,071 - request - DEBUG - 句柄切换成功
2018-08-07 18:38:19,121 - request - DEBUG - 进入到主页！
2018-08-07 18:39:49,275 - request - DEBUG - driver初始化完成
2018-08-07 18:40:03,408 - request - DEBUG - 微信已登录，请直接操作！
2018-08-07 18:40:44,359 - request - DEBUG - 寻找句柄中
2018-08-07 18:40:45,847 - request - DEBUG - 句柄切换成功
2018-08-07 18:40:50,774 - request - DEBUG - 进入商品Strawberry Fool 卡百利详情
2018-08-07 18:41:01,290 - request - DEBUG - 进入主页失败！
2018-08-07 18:42:20,463 - request - DEBUG - driver初始化完成
2018-08-07 18:42:34,164 - request - DEBUG - 微信已登录，请直接操作！
2018-08-07 18:43:16,031 - request - DEBUG - 寻找句柄中
2018-08-07 18:43:17,474 - request - DEBUG - 句柄切换成功
2018-08-07 18:43:23,562 - request - DEBUG - 进入商品Strawberry Fool 卡百利详情
2018-08-07 18:47:16,152 - request - DEBUG - driver初始化完成
2018-08-07 18:47:31,802 - request - DEBUG - 微信已登录，请直接操作！
2018-08-07 18:48:11,877 - request - DEBUG - 寻找句柄中
2018-08-07 18:48:13,762 - request - DEBUG - 句柄切换成功
2018-08-07 18:48:17,715 - request - DEBUG - 进入商品Strawberry Fool 卡百利详情
2018-08-07 18:52:13,382 - request - DEBUG - driver初始化完成
2018-08-07 18:52:26,518 - request - DEBUG - 微信已登录，请直接操作！
2018-08-07 18:53:07,829 - request - DEBUG - 寻找句柄中
2018-08-07 18:53:09,674 - request - DEBUG - 句柄切换成功
2018-08-07 18:53:14,978 - request - DEBUG - 进入商品Strawberry Fool 卡百利详情
2018-08-08 09:55:44,401 - request - DEBUG - driver初始化完成
2018-08-08 09:56:02,257 - request - DEBUG - 微信登录成功
2018-08-08 09:56:52,898 - request - DEBUG - 寻找句柄中
2018-08-08 09:56:54,623 - request - DEBUG - 句柄切换成功
2018-08-08 09:56:59,124 - request - DEBUG - 进入商品Strawberry Fool 卡百利详情
2018-08-08 10:16:52,757 - request - DEBUG - driver初始化完成
2018-08-08 10:17:16,252 - request - DEBUG - 微信已登录，请直接操作！
2018-08-08 10:17:58,560 - request - DEBUG - 寻找句柄中
2018-08-08 10:17:59,997 - request - DEBUG - 句柄切换成功
2018-08-08 10:18:04,696 - request - DEBUG - 进入商品Strawberry Fool 卡百利详情
2018-08-08 10:20:30,917 - request - DEBUG - driver初始化完成
2018-08-08 10:21:14,125 - request - DEBUG - 微信已登录，请直接操作！
2018-08-08 10:21:55,167 - request - DEBUG - 寻找句柄中
2018-08-08 10:21:56,603 - request - DEBUG - 句柄切换成功
2018-08-08 10:22:01,331 - request - DEBUG - 进入商品Strawberry Fool 卡百利详情
2018-08-08 10:24:03,650 - request - DEBUG - driver初始化完成
2018-08-08 10:24:34,503 - request - DEBUG - 微信已登录，请直接操作！
2018-08-08 10:25:15,234 - request - DEBUG - 寻找句柄中
2018-08-08 10:25:16,723 - request - DEBUG - 句柄切换成功
2018-08-08 10:25:22,352 - request - DEBUG - 进入商品Strawberry Fool 卡百利详情
2018-08-08 10:32:52,827 - request - DEBUG - driver初始化完成
2018-08-08 10:33:17,846 - request - DEBUG - 微信已登录，请直接操作！
2018-08-08 10:33:58,760 - request - DEBUG - 寻找句柄中
2018-08-08 10:34:00,178 - request - DEBUG - 句柄切换成功
2018-08-08 10:34:04,916 - request - DEBUG - 进入商品Strawberry Fool 卡百利详情
2018-08-08 10:36:26,024 - request - DEBUG - driver初始化完成
2018-08-08 10:36:40,717 - request - DEBUG - 微信已登录，请直接操作！
2018-08-08 10:37:22,364 - request - DEBUG - 寻找句柄中
2018-08-08 10:37:24,165 - request - DEBUG - 句柄切换成功
2018-08-08 10:37:30,100 - request - DEBUG - 进入商品Strawberry Fool 卡百利详情
2018-08-08 10:43:33,006 - request - DEBUG - driver初始化完成
2018-08-08 10:43:51,190 - request - DEBUG - 微信已登录，请直接操作！
2018-08-08 10:44:32,762 - request - DEBUG - 寻找句柄中
2018-08-08 10:44:34,210 - request - DEBUG - 句柄切换成功
2018-08-08 10:44:38,431 - request - DEBUG - 进入商品Strawberry Fool 卡百利详情
2018-08-08 10:48:22,800 - request - DEBUG - driver初始化完成
2018-08-08 10:48:32,184 - request - DEBUG - 微信已登录，请直接操作！
2018-08-08 10:49:50,742 - request - DEBUG - driver初始化完成
2018-08-08 10:50:04,719 - request - DEBUG - 微信已登录，请直接操作！
2018-08-08 10:50:45,977 - request - DEBUG - 寻找句柄中
2018-08-08 10:50:47,472 - request - DEBUG - 句柄切换成功
2018-08-08 10:50:51,461 - request - DEBUG - 进入商品Strawberry Fool 卡百利详情
2018-08-08 10:55:18,673 - request - DEBUG - driver初始化完成
2018-08-08 10:55:34,004 - request - DEBUG - 微信已登录，请直接操作！
2018-08-08 10:56:15,306 - request - DEBUG - 寻找句柄中
2018-08-08 10:56:16,749 - request - DEBUG - 句柄切换成功
2018-08-08 10:56:20,470 - request - DEBUG - 进入商品Strawberry Fool 卡百利详情
2018-08-08 10:57:36,907 - request - DEBUG - driver初始化完成
2018-08-08 10:58:06,495 - request - DEBUG - 微信已登录，请直接操作！
2018-08-08 10:58:48,426 - request - DEBUG - 寻找句柄中
2018-08-08 10:58:49,934 - request - DEBUG - 句柄切换成功
2018-08-08 10:58:54,476 - request - DEBUG - 进入商品Strawberry Fool 卡百利详情
2018-08-08 11:07:34,312 - request - DEBUG - driver初始化完成
2018-08-08 11:08:06,997 - request - DEBUG - driver初始化完成
2018-08-08 11:09:17,227 - request - DEBUG - driver初始化完成
2018-08-08 11:09:28,331 - request - DEBUG - 微信已登录，请直接操作！
2018-08-08 11:10:20,760 - request - DEBUG - 寻找句柄中
2018-08-08 11:10:24,387 - request - DEBUG - 句柄切换成功
2018-08-08 11:10:33,984 - request - DEBUG - 进入商品Strawberry Fool 卡百利详情
2018-08-08 11:12:21,996 - request - DEBUG - driver初始化完成
2018-08-08 11:12:36,185 - request - DEBUG - 微信已登录，请直接操作！
2018-08-08 11:13:16,922 - request - DEBUG - 寻找句柄中
2018-08-08 11:13:18,323 - request - DEBUG - 句柄切换成功
2018-08-08 11:13:22,380 - request - DEBUG - 进入商品Strawberry Fool 卡百利详情
2018-08-08 11:17:07,301 - request - DEBUG - driver初始化完成
2018-08-08 11:17:21,577 - request - DEBUG - 微信已登录，请直接操作！
2018-08-08 11:18:02,187 - request - DEBUG - 寻找句柄中
2018-08-08 11:18:03,600 - request - DEBUG - 句柄切换成功
2018-08-08 11:18:07,337 - request - DEBUG - 进入商品Strawberry Fool 卡百利详情
2018-08-08 11:18:57,792 - request - DEBUG - 进入商品Strawberry Fool 卡百利详情
2018-08-08 11:23:43,738 - request - DEBUG - driver初始化完成
2018-08-08 11:23:59,908 - request - DEBUG - 微信已登录，请直接操作！
2018-08-08 11:24:40,779 - request - DEBUG - 寻找句柄中
2018-08-08 11:24:42,211 - request - DEBUG - 句柄切换成功
2018-08-08 11:24:45,944 - request - DEBUG - 进入商品Strawberry Fool 卡百利详情
2018-08-08 11:24:45,944 - request - DEBUG - *************开始测试商详页面*************
2018-08-08 11:24:45,946 - request - DEBUG - 开始执行测试用例！
2018-08-08 11:25:05,168 - request - DEBUG - 进入商品Strawberry Fool 卡百利详情
2018-08-08 11:25:05,169 - request - DEBUG - 测试用例执行完成
2018-08-08 11:25:06,647 - request - DEBUG - 开始执行测试用例！
2018-08-08 11:25:06,961 - request - DEBUG - 测试用例执行完成
2018-08-08 11:25:08,344 - request - DEBUG - 开始执行测试用例！
2018-08-08 11:25:08,989 - request - DEBUG - 测试用例执行完成
2018-08-08 11:25:10,932 - request - DEBUG - 开始执行测试用例！
2018-08-08 11:25:14,804 - request - DEBUG - 测试用例执行完成
2018-08-08 11:25:16,073 - request - DEBUG - 开始执行测试用例！
2018-08-08 11:25:20,973 - request - DEBUG - 测试用例执行完成
2018-08-08 11:25:22,327 - request - DEBUG - 开始执行测试用例！
2018-08-08 11:25:24,646 - request - DEBUG - 测试用例执行完成
2018-08-08 11:25:26,140 - request - DEBUG - *************商详页面测试结束*************
2018-08-08 11:25:36,213 - request - DEBUG - 进入主页失败！
2018-08-08 11:33:00,179 - request - DEBUG - driver初始化完成
2018-08-08 11:33:14,193 - request - DEBUG - 微信已登录，请直接操作！
2018-08-08 11:33:54,424 - request - DEBUG - 寻找句柄中
2018-08-08 11:33:55,873 - request - DEBUG - 句柄切换成功
2018-08-08 11:33:59,367 - request - DEBUG - 进入商品Strawberry Fool 卡百利详情
2018-08-08 11:33:59,367 - request - DEBUG - *************开始测试商详页面*************
2018-08-08 11:33:59,369 - request - DEBUG - 开始执行测试用例！
2018-08-08 11:34:08,889 - request - DEBUG - 测试用例执行完成
2018-08-08 11:34:10,501 - request - DEBUG - 开始执行测试用例！
2018-08-08 11:34:10,789 - request - DEBUG - 测试用例执行完成
2018-08-08 11:34:12,226 - request - DEBUG - 开始执行测试用例！
2018-08-08 11:34:22,383 - request - DEBUG - 测试用例执行完成
2018-08-08 11:34:23,588 - request - DEBUG - 开始执行测试用例！
2018-08-08 11:34:34,175 - request - DEBUG - 测试用例执行完成
2018-08-08 11:34:35,542 - request - DEBUG - 开始执行测试用例！
2018-08-08 11:34:46,052 - request - DEBUG - 测试用例执行完成
2018-08-08 11:34:47,349 - request - DEBUG - 开始执行测试用例！
2018-08-08 11:34:48,966 - request - DEBUG - 测试用例执行完成
2018-08-08 11:34:50,076 - request - DEBUG - *************商详页面测试结束*************
2018-08-08 11:35:00,341 - request - DEBUG - 进入主页失败！
2018-08-08 11:36:51,429 - request - DEBUG - driver初始化完成
2018-08-08 11:37:05,274 - request - DEBUG - 微信已登录，请直接操作！
2018-08-08 11:37:46,101 - request - DEBUG - 寻找句柄中
2018-08-08 11:37:47,522 - request - DEBUG - 句柄切换成功
2018-08-08 11:37:51,387 - request - DEBUG - 进入商品Strawberry Fool 卡百利详情
2018-08-08 11:37:51,387 - request - DEBUG - *************开始测试商详页面*************
2018-08-08 11:37:51,392 - request - DEBUG - 开始执行测试用例！
2018-08-08 11:37:56,355 - request - DEBUG - 测试用例执行完成
2018-08-08 11:37:57,789 - request - DEBUG - *************商详页面测试结束*************
2018-08-08 11:38:07,930 - request - DEBUG - 进入主页失败！
2018-08-08 11:40:31,887 - request - DEBUG - driver初始化完成
2018-08-08 11:40:51,143 - request - DEBUG - 微信已登录，请直接操作！
2018-08-08 11:41:32,509 - request - DEBUG - 寻找句柄中
2018-08-08 11:41:33,911 - request - DEBUG - 句柄切换成功
2018-08-08 11:41:37,793 - request - DEBUG - 进入商品Strawberry Fool 卡百利详情
2018-08-08 11:46:30,624 - request - DEBUG - driver初始化完成
2018-08-08 11:46:44,156 - request - DEBUG - 微信已登录，请直接操作！
2018-08-08 11:47:23,029 - request - DEBUG - 寻找句柄中
2018-08-08 11:47:24,815 - request - DEBUG - 句柄切换成功
2018-08-08 11:47:28,943 - request - DEBUG - 进入商品Strawberry Fool 卡百利详情
2018-08-08 11:47:28,943 - request - DEBUG - *************开始测试商详页面*************
2018-08-08 11:47:28,945 - request - DEBUG - 开始执行测试用例！
2018-08-08 11:47:39,933 - request - DEBUG - 测试用例执行完成
2018-08-08 11:47:41,042 - request - DEBUG - 开始执行测试用例！
2018-08-08 11:47:51,677 - request - DEBUG - 测试用例执行完成
2018-08-08 11:47:52,881 - request - DEBUG - 开始执行测试用例！
2018-08-08 11:48:03,294 - request - DEBUG - 测试用例执行完成
2018-08-08 11:48:04,348 - request - DEBUG - 开始执行测试用例！
2018-08-08 11:48:05,351 - request - DEBUG - 测试用例执行完成
2018-08-08 11:48:06,378 - request - DEBUG - 开始执行测试用例！
2018-08-08 11:48:07,385 - request - DEBUG - 测试用例执行完成
2018-08-08 11:48:08,406 - request - DEBUG - 开始执行测试用例！
2018-08-08 11:48:09,410 - request - DEBUG - 测试用例执行完成
2018-08-08 11:48:10,434 - request - DEBUG - *************商详页面测试结束*************
2018-08-08 11:48:11,441 - request - DEBUG - 进入主页失败！
2018-08-08 11:49:55,060 - request - DEBUG - driver初始化完成
2018-08-08 11:50:06,668 - request - DEBUG - 微信已登录，请直接操作！
2018-08-08 11:50:57,802 - request - DEBUG - 寻找句柄中
2018-08-08 11:51:01,304 - request - DEBUG - 句柄切换成功
2018-08-08 11:51:11,367 - request - DEBUG - 进入商品Strawberry Fool 卡百利详情
2018-08-08 11:51:11,368 - request - DEBUG - *************开始测试商详页面*************
2018-08-08 11:51:11,372 - request - DEBUG - 开始执行测试用例！
2018-08-08 11:52:04,001 - request - DEBUG - 进入商品Strawberry Fool 卡百利详情
2018-08-08 11:52:04,002 - request - DEBUG - 测试用例执行完成
2018-08-08 11:52:06,773 - request - DEBUG - 开始执行测试用例！
2018-08-08 11:52:22,620 - request - DEBUG - 测试用例执行完成
2018-08-08 11:52:25,635 - request - DEBUG - 开始执行测试用例！
2018-08-08 11:52:36,183 - request - DEBUG - 测试用例执行完成
2018-08-08 11:52:38,736 - request - DEBUG - 开始执行测试用例！
2018-08-08 11:52:49,360 - request - DEBUG - 测试用例执行完成
2018-08-08 11:52:52,298 - request - DEBUG - 开始执行测试用例！
2018-08-08 11:53:02,779 - request - DEBUG - 测试用例执行完成
2018-08-08 11:53:05,631 - request - DEBUG - 开始执行测试用例！
2018-08-08 11:53:09,066 - request - DEBUG - 测试用例执行完成
2018-08-08 11:53:12,328 - request - DEBUG - *************商详页面测试结束*************
2018-08-08 11:53:22,622 - request - DEBUG - 进入主页失败！
2018-08-08 11:58:59,417 - request - DEBUG - driver初始化完成
2018-08-08 11:59:30,639 - request - DEBUG - 微信已登录，请直接操作！
2018-08-08 12:00:12,055 - request - DEBUG - 寻找句柄中
2018-08-08 12:00:13,503 - request - DEBUG - 句柄切换成功
2018-08-08 12:00:17,807 - request - DEBUG - 进入商品Strawberry Fool 卡百利详情
2018-08-08 12:00:17,808 - request - DEBUG - *************开始测试商详页面*************
2018-08-08 12:00:17,812 - request - DEBUG - 开始执行测试用例！
2018-08-08 12:00:20,336 - request - DEBUG - 测试用例执行完成
2018-08-08 12:00:21,868 - request - DEBUG - *************商详页面测试结束*************
2018-08-08 12:00:32,326 - request - DEBUG - 进入主页失败！
2018-08-08 12:37:22,999 - request - DEBUG - driver初始化完成
2018-08-08 12:38:04,360 - request - DEBUG - driver初始化完成
2018-08-08 12:38:16,983 - request - DEBUG - 微信已登录，请直接操作！
2018-08-08 12:39:08,694 - request - DEBUG - 寻找句柄中
2018-08-08 12:39:12,181 - request - DEBUG - 句柄切换成功
2018-08-08 12:39:21,710 - request - DEBUG - 进入商品Strawberry Fool 卡百利详情
2018-08-08 12:40:13,600 - request - DEBUG - 进入商品Strawberry Fool 卡百利详情
2018-08-08 12:41:04,533 - request - DEBUG - driver初始化完成
2018-08-08 12:42:02,159 - request - DEBUG - 微信已登录，请直接操作！
2018-08-08 12:42:43,132 - request - DEBUG - 寻找句柄中
2018-08-08 12:42:44,567 - request - DEBUG - 句柄切换成功
2018-08-08 12:42:48,285 - request - DEBUG - 进入商品Strawberry Fool 卡百利详情
2018-08-08 12:42:48,286 - request - DEBUG - *************开始测试商详页面*************
2018-08-08 12:42:48,290 - request - DEBUG - 开始执行测试用例！
2018-08-08 12:42:53,235 - request - DEBUG - 测试用例执行完成
2018-08-08 12:42:54,491 - request - DEBUG - *************商详页面测试结束*************
2018-08-08 12:43:05,014 - request - DEBUG - 进入主页失败！
2018-08-08 12:45:08,338 - request - DEBUG - driver初始化完成
2018-08-08 12:45:33,573 - request - DEBUG - 微信已登录，请直接操作！
2018-08-08 12:46:14,110 - request - DEBUG - 寻找句柄中
2018-08-08 12:46:15,568 - request - DEBUG - 句柄切换成功
2018-08-08 12:46:19,251 - request - DEBUG - 进入商品Strawberry Fool 卡百利详情
2018-08-08 12:46:19,251 - request - DEBUG - *************开始测试商详页面*************
2018-08-08 12:46:19,254 - request - DEBUG - 开始执行测试用例！
2018-08-08 12:46:54,411 - request - DEBUG - 进入商品Strawberry Fool 卡百利详情
2018-08-08 12:46:54,412 - request - DEBUG - 测试用例执行完成
2018-08-08 12:46:56,053 - request - DEBUG - 开始执行测试用例！
2018-08-08 12:47:00,559 - request - DEBUG - 测试用例执行完成
2018-08-08 12:47:01,768 - request - DEBUG - 开始执行测试用例！
2018-08-08 12:47:06,783 - request - DEBUG - 测试用例执行完成
2018-08-08 12:47:08,246 - request - DEBUG - 开始执行测试用例！
2018-08-08 12:47:12,232 - request - DEBUG - 测试用例执行完成
2018-08-08 12:47:14,058 - request - DEBUG - 开始执行测试用例！
2018-08-08 12:47:18,263 - request - DEBUG - 测试用例执行完成
2018-08-08 12:47:19,741 - request - DEBUG - 开始执行测试用例！
2018-08-08 12:47:21,889 - request - DEBUG - 测试用例执行完成
2018-08-08 12:47:23,368 - request - DEBUG - *************商详页面测试结束*************
2018-08-08 12:47:43,708 - request - DEBUG - 进入主页失败！
2018-08-08 12:52:04,199 - request - DEBUG - driver初始化完成
2018-08-08 12:52:24,777 - request - DEBUG - 微信已登录，请直接操作！
2018-08-08 12:53:05,957 - request - DEBUG - 寻找句柄中
2018-08-08 12:53:07,503 - request - DEBUG - 句柄切换成功
2018-08-08 12:53:11,320 - request - DEBUG - 进入商品Strawberry Fool 卡百利详情
2018-08-08 12:53:11,321 - request - DEBUG - *************开始测试商详页面*************
2018-08-08 12:53:11,322 - request - DEBUG - 开始执行测试用例！
2018-08-08 12:53:46,763 - request - DEBUG - 进入商品Strawberry Fool 卡百利详情
2018-08-08 12:53:46,763 - request - DEBUG - 测试用例执行完成
2018-08-08 12:53:49,886 - request - DEBUG - 开始执行测试用例！
2018-08-08 12:53:56,831 - request - DEBUG - 测试用例执行完成
2018-08-08 12:53:58,130 - request - DEBUG - 开始执行测试用例！
2018-08-08 12:54:02,487 - request - DEBUG - 测试用例执行完成
2018-08-08 12:54:04,068 - request - DEBUG - 开始执行测试用例！
2018-08-08 12:54:08,639 - request - DEBUG - 测试用例执行完成
2018-08-08 12:54:10,493 - request - DEBUG - 开始执行测试用例！
2018-08-08 12:54:14,315 - request - DEBUG - 测试用例执行完成
2018-08-08 12:54:15,793 - request - DEBUG - 开始执行测试用例！
2018-08-08 12:54:18,299 - request - DEBUG - 测试用例执行完成
2018-08-08 12:54:19,595 - request - DEBUG - *************商详页面测试结束*************
2018-08-08 12:54:39,930 - request - DEBUG - 进入主页失败！
2018-08-08 14:25:37,254 - request - DEBUG - driver初始化完成
2018-08-08 14:25:58,407 - request - DEBUG - 微信已登录，请直接操作！
2018-08-08 14:26:39,352 - request - DEBUG - 寻找句柄中
2018-08-08 14:26:40,857 - request - DEBUG - 句柄切换成功
2018-08-08 14:26:44,292 - request - DEBUG - 进入商品Strawberry Fool 卡百利详情
2018-08-08 14:38:36,754 - request - DEBUG - driver初始化完成
2018-08-08 14:39:01,487 - request - DEBUG - 微信已登录，请直接操作！
2018-08-08 14:39:42,005 - request - DEBUG - 寻找句柄中
2018-08-08 14:39:43,439 - request - DEBUG - 句柄切换成功
2018-08-08 14:39:47,363 - request - DEBUG - 进入商品Strawberry Fool 卡百利详情
2018-08-08 14:48:25,188 - request - DEBUG - driver初始化完成
2018-08-08 15:39:35,431 - request - DEBUG - driver初始化完成
2018-08-08 15:39:52,387 - request - DEBUG - 微信登录成功
2018-08-08 15:40:43,748 - request - DEBUG - 寻找句柄中
2018-08-08 15:40:45,165 - request - DEBUG - 句柄切换成功
2018-08-08 15:40:49,511 - request - DEBUG - 进入商品Strawberry Fool 卡百利详情
2018-08-08 15:43:59,536 - request - DEBUG - driver初始化完成
2018-08-08 15:44:20,131 - request - DEBUG - 微信已登录，请直接操作！
2018-08-08 15:44:59,117 - request - DEBUG - 寻找句柄中
2018-08-08 15:45:00,883 - request - DEBUG - 句柄切换成功
2018-08-08 15:45:05,608 - request - DEBUG - 进入商品Strawberry Fool 卡百利详情
2018-08-08 15:56:12,483 - request - DEBUG - driver初始化完成
2018-08-08 15:56:33,209 - request - DEBUG - 微信已登录，请直接操作！
2018-08-08 15:57:13,288 - request - DEBUG - 寻找句柄中
2018-08-08 15:57:15,045 - request - DEBUG - 句柄切换成功
2018-08-08 15:57:19,880 - request - DEBUG - 进入商品Strawberry Fool 卡百利详情
2018-08-08 16:06:07,981 - request - DEBUG - driver初始化完成
2018-08-08 16:06:28,903 - request - DEBUG - 微信已登录，请直接操作！
2018-08-08 16:07:09,188 - request - DEBUG - 寻找句柄中
2018-08-08 16:07:10,551 - request - DEBUG - 句柄切换成功
2018-08-08 16:07:15,057 - request - DEBUG - 进入商品Strawberry Fool 卡百利详情
2018-08-08 16:08:31,240 - request - DEBUG - driver初始化完成
2018-08-08 16:08:53,221 - request - DEBUG - 微信已登录，请直接操作！
2018-08-08 16:09:46,740 - request - DEBUG - 句柄切换成功
2018-08-08 16:09:57,945 - request - DEBUG - 进入商品Strawberry Fool 卡百利详情
2018-08-08 16:43:08,960 - request - DEBUG - driver初始化完成
2018-08-08 16:43:30,350 - request - DEBUG - 微信已登录，请直接操作！
2018-08-08 16:44:11,531 - request - DEBUG - 寻找句柄中
2018-08-08 16:44:12,940 - request - DEBUG - 句柄切换成功
2018-08-08 16:44:17,861 - request - DEBUG - 进入商品Strawberry Fool 卡百利详情
2018-08-08 17:10:15,704 - request - DEBUG - driver初始化完成
2018-08-08 17:10:43,635 - request - DEBUG - 微信已登录，请直接操作！
2018-08-08 17:11:25,000 - request - DEBUG - 寻找句柄中
2018-08-08 17:11:26,512 - request - DEBUG - 句柄切换成功
2018-08-08 17:11:32,166 - request - DEBUG - 进入商品Strawberry Fool 卡百利详情
2018-08-08 17:13:34,859 - request - DEBUG - driver初始化完成
2018-08-08 17:13:56,000 - request - DEBUG - 微信已登录，请直接操作！
2018-08-08 17:14:36,308 - request - DEBUG - 寻找句柄中
2018-08-08 17:14:37,808 - request - DEBUG - 句柄切换成功
2018-08-08 17:14:43,298 - request - DEBUG - 进入商品Strawberry Fool 卡百利详情
2018-08-08 17:20:32,456 - request - DEBUG - driver初始化完成
2018-08-08 17:20:53,671 - request - DEBUG - 微信已登录，请直接操作！
2018-08-08 17:21:34,239 - request - DEBUG - 寻找句柄中
2018-08-08 17:21:35,680 - request - DEBUG - 句柄切换成功
2018-08-08 17:21:40,958 - request - DEBUG - 进入商品Strawberry Fool 卡百利详情
2018-08-08 17:23:01,900 - request - DEBUG - driver初始化完成
2018-08-08 17:23:22,880 - request - DEBUG - 微信已登录，请直接操作！
2018-08-08 17:24:04,641 - request - DEBUG - 寻找句柄中
2018-08-08 17:24:06,091 - request - DEBUG - 句柄切换成功
2018-08-08 17:24:11,677 - request - DEBUG - 进入商品Strawberry Fool 卡百利详情
2018-08-08 18:01:32,134 - request - DEBUG - driver初始化完成
2018-08-08 18:01:53,962 - request - DEBUG - 微信已登录，请直接操作！
2018-08-08 18:02:45,243 - request - DEBUG - 寻找句柄中
2018-08-08 18:02:48,769 - request - DEBUG - 句柄切换成功
2018-08-08 18:03:00,278 - request - DEBUG - 进入商品Strawberry Fool 卡百利详情
2018-08-08 18:10:31,674 - request - DEBUG - driver初始化完成
2018-08-08 18:10:52,577 - request - DEBUG - 微信已登录，请直接操作！
2018-08-08 18:11:33,573 - request - DEBUG - 寻找句柄中
2018-08-08 18:11:35,441 - request - DEBUG - 句柄切换成功
2018-08-08 18:11:39,687 - request - DEBUG - 进入商品Strawberry Fool 卡百利详情
2018-08-08 18:23:30,586 - request - DEBUG - driver初始化完成
2018-08-08 18:23:51,196 - request - DEBUG - 微信已登录，请直接操作！
2018-08-08 18:24:33,035 - request - DEBUG - 寻找句柄中
2018-08-08 18:24:34,488 - request - DEBUG - 句柄切换成功
2018-08-08 18:24:38,825 - request - DEBUG - 进入商品Strawberry Fool 卡百利详情
2018-08-08 18:37:43,687 - request - DEBUG - driver初始化完成
2018-08-08 18:38:04,978 - request - DEBUG - 微信已登录，请直接操作！
2018-08-08 18:38:45,344 - request - DEBUG - 寻找句柄中
2018-08-08 18:38:46,842 - request - DEBUG - 句柄切换成功
2018-08-08 18:38:52,146 - request - DEBUG - 进入商品Strawberry Fool 卡百利详情
2018-08-08 18:38:52,146 - request - DEBUG - *************开始测试商详页面*************
2018-08-08 18:38:52,150 - request - DEBUG - 开始执行测试用例！
2018-08-08 18:39:32,375 - request - DEBUG - 进入商品Strawberry Fool 卡百利详情
2018-08-08 18:39:32,375 - request - DEBUG - 测试用例执行完成
2018-08-08 18:39:34,759 - request - DEBUG - 开始执行测试用例！
2018-08-08 18:39:42,012 - request - DEBUG - 测试用例执行完成
2018-08-08 18:39:44,318 - request - DEBUG - 开始执行测试用例！
2018-08-08 18:39:49,141 - request - DEBUG - 测试用例执行完成
2018-08-08 18:39:51,291 - request - DEBUG - 开始执行测试用例！
2018-08-08 18:39:56,049 - request - DEBUG - 测试用例执行完成
2018-08-08 18:39:58,411 - request - DEBUG - 开始执行测试用例！
2018-08-08 18:40:03,307 - request - DEBUG - 测试用例执行完成
2018-08-08 18:40:05,007 - request - DEBUG - 开始执行测试用例！
2018-08-08 18:40:07,056 - request - DEBUG - 测试用例执行完成
2018-08-08 18:40:09,536 - request - DEBUG - *************商详页面测试结束*************
2018-08-08 18:40:30,094 - request - DEBUG - 进入主页失败！
2018-08-08 19:11:27,100 - request - DEBUG - driver初始化完成
2018-08-08 19:11:47,638 - request - DEBUG - 微信已登录，请直接操作！
2018-08-08 19:12:27,787 - request - DEBUG - 寻找句柄中
2018-08-08 19:12:29,201 - request - DEBUG - 句柄切换成功
2018-08-08 19:12:33,958 - request - DEBUG - 进入商品Strawberry Fool 卡百利详情
2018-08-08 19:15:14,475 - request - DEBUG - driver初始化完成
2018-08-08 19:15:35,723 - request - DEBUG - 微信已登录，请直接操作！
2018-08-08 19:16:15,836 - request - DEBUG - 寻找句柄中
2018-08-08 19:16:17,257 - request - DEBUG - 句柄切换成功
2018-08-08 19:16:22,487 - request - DEBUG - 进入商品Strawberry Fool 卡百利详情
2018-08-09 09:50:54,081 - request - DEBUG - driver初始化完成
2018-08-09 09:51:27,415 - request - DEBUG - 微信登录成功
2018-08-09 09:52:21,586 - request - DEBUG - 寻找句柄中
2018-08-09 09:52:23,032 - request - DEBUG - 句柄切换成功
2018-08-09 09:52:29,093 - request - DEBUG - 进入商品Strawberry Fool 卡百利详情
2018-08-09 09:55:54,490 - request - DEBUG - driver初始化完成
2018-08-09 09:56:28,084 - request - DEBUG - 微信已登录，请直接操作！
2018-08-09 09:57:09,338 - request - DEBUG - 寻找句柄中
2018-08-09 09:57:11,140 - request - DEBUG - 句柄切换成功
2018-08-09 09:57:16,309 - request - DEBUG - 进入商品Strawberry Fool 卡百利详情
2018-08-09 10:00:36,192 - request - DEBUG - driver初始化完成
2018-08-09 10:00:57,261 - request - DEBUG - 微信已登录，请直接操作！
2018-08-09 10:01:37,071 - request - DEBUG - 寻找句柄中
2018-08-09 10:01:38,550 - request - DEBUG - 句柄切换成功
2018-08-09 10:01:43,214 - request - DEBUG - 进入商品Strawberry Fool 卡百利详情
2018-08-09 10:02:47,718 - request - DEBUG - driver初始化完成
2018-08-09 10:03:08,817 - request - DEBUG - 微信已登录，请直接操作！
2018-08-09 10:03:53,316 - request - DEBUG - 寻找句柄中
2018-08-09 10:03:54,753 - request - DEBUG - 句柄切换成功
2018-08-09 10:03:59,447 - request - DEBUG - 进入商品Strawberry Fool 卡百利详情
2018-08-09 10:16:59,738 - request - DEBUG - driver初始化完成
2018-08-09 10:17:20,558 - request - DEBUG - 微信已登录，请直接操作！
2018-08-09 10:18:01,607 - request - DEBUG - 寻找句柄中
2018-08-09 10:18:03,365 - request - DEBUG - 句柄切换成功
2018-08-09 10:18:09,043 - request - DEBUG - 进入商品Strawberry Fool 卡百利详情
2018-08-09 10:39:25,524 - request - DEBUG - driver初始化完成
2018-08-09 10:39:46,133 - request - DEBUG - 微信已登录，请直接操作！
2018-08-09 10:40:26,629 - request - DEBUG - 寻找句柄中
2018-08-09 10:40:28,117 - request - DEBUG - 句柄切换成功
2018-08-09 10:40:31,387 - request - DEBUG - 进入到购物车页面！
2018-08-09 10:44:21,803 - request - DEBUG - driver初始化完成
2018-08-09 10:44:42,700 - request - DEBUG - 微信已登录，请直接操作！
2018-08-09 10:45:23,915 - request - DEBUG - 寻找句柄中
2018-08-09 10:45:25,446 - request - DEBUG - 句柄切换成功
2018-08-09 10:45:29,490 - request - DEBUG - 进入到购物车页面！
2018-08-09 10:50:21,708 - request - DEBUG - driver初始化完成
2018-08-09 10:50:42,362 - request - DEBUG - 微信已登录，请直接操作！
2018-08-09 10:51:23,048 - request - DEBUG - 寻找句柄中
2018-08-09 10:51:24,480 - request - DEBUG - 句柄切换成功
2018-08-09 10:51:26,084 - request - DEBUG - 进入到购物车页面！
2018-08-09 10:54:28,194 - request - DEBUG - driver初始化完成
2018-08-09 10:54:49,468 - request - DEBUG - 微信已登录，请直接操作！
2018-08-09 10:55:30,394 - request - DEBUG - 寻找句柄中
2018-08-09 10:55:31,842 - request - DEBUG - 句柄切换成功
2018-08-09 10:55:34,029 - request - DEBUG - 进入到购物车页面！
2018-08-09 11:01:48,910 - request - DEBUG - driver初始化完成
2018-08-09 11:02:08,849 - request - DEBUG - 微信已登录，请直接操作！
2018-08-09 11:02:58,302 - request - DEBUG - driver初始化完成
2018-08-09 11:03:18,908 - request - DEBUG - 微信已登录，请直接操作！
2018-08-09 11:03:58,650 - request - DEBUG - 寻找句柄中
2018-08-09 11:04:00,169 - request - DEBUG - 句柄切换成功
2018-08-09 11:04:02,389 - request - DEBUG - 进入到购物车页面！
2018-08-09 11:07:13,081 - request - DEBUG - driver初始化完成
2018-08-09 11:07:34,110 - request - DEBUG - 微信已登录，请直接操作！
2018-08-09 11:08:14,037 - request - DEBUG - 寻找句柄中
2018-08-09 11:08:15,940 - request - DEBUG - 句柄切换成功
2018-08-09 11:08:17,574 - request - DEBUG - 进入到购物车页面！
2018-08-09 11:11:02,837 - request - DEBUG - driver初始化完成
2018-08-09 11:11:39,873 - request - DEBUG - driver初始化完成
2018-08-09 11:12:01,229 - request - DEBUG - 微信已登录，请直接操作！
2018-08-09 11:12:42,095 - request - DEBUG - 寻找句柄中
2018-08-09 11:12:43,582 - request - DEBUG - 句柄切换成功
2018-08-09 11:12:45,955 - request - DEBUG - 进入到购物车页面！
2018-08-09 14:06:14,572 - request - DEBUG - driver初始化完成
2018-08-09 14:06:35,386 - request - DEBUG - 微信已登录，请直接操作！
2018-08-09 14:08:00,399 - request - DEBUG - driver初始化完成
2018-08-09 14:08:21,620 - request - DEBUG - 微信登录成功
2018-08-09 14:09:13,354 - request - DEBUG - 寻找句柄中
2018-08-09 14:09:15,230 - request - DEBUG - 句柄切换成功
2018-08-09 14:09:18,292 - request - DEBUG - 进入到购物车页面！
2018-08-09 14:11:24,485 - request - DEBUG - driver初始化完成
2018-08-09 14:11:45,511 - request - DEBUG - 微信已登录，请直接操作！
2018-08-09 14:12:26,794 - request - DEBUG - 寻找句柄中
2018-08-09 14:12:28,263 - request - DEBUG - 句柄切换成功
2018-08-09 14:12:30,590 - request - DEBUG - 进入到购物车页面！
2018-08-09 14:13:45,990 - request - DEBUG - driver初始化完成
2018-08-09 14:14:06,604 - request - DEBUG - 微信已登录，请直接操作！
2018-08-09 14:14:46,239 - request - DEBUG - 寻找句柄中
2018-08-09 14:14:47,751 - request - DEBUG - 句柄切换成功
2018-08-09 14:14:50,928 - request - DEBUG - 进入到购物车页面！
2018-08-09 14:16:07,045 - request - DEBUG - driver初始化完成
2018-08-09 14:16:30,869 - request - DEBUG - 微信已登录，请直接操作！
2018-08-09 14:17:21,725 - request - DEBUG - 寻找句柄中
2018-08-09 14:17:25,510 - request - DEBUG - 句柄切换成功
2018-08-09 14:17:29,707 - request - DEBUG - 进入到购物车页面！
2018-08-09 14:36:16,870 - request - DEBUG - driver初始化完成
2018-08-09 14:36:37,377 - request - DEBUG - 微信已登录，请直接操作！
2018-08-09 14:37:17,896 - request - DEBUG - 寻找句柄中
2018-08-09 14:37:19,340 - request - DEBUG - 句柄切换成功
2018-08-09 14:37:21,883 - request - DEBUG - 进入到购物车页面！
2018-08-09 14:43:07,151 - request - DEBUG - driver初始化完成
2018-08-09 14:43:28,264 - request - DEBUG - 微信已登录，请直接操作！
2018-08-09 14:44:08,395 - request - DEBUG - 寻找句柄中
2018-08-09 14:44:09,807 - request - DEBUG - 句柄切换成功
2018-08-09 14:44:12,812 - request - DEBUG - 进入到购物车页面！
2018-08-10 15:56:08,865 - request - DEBUG - driver初始化完成
2018-08-10 15:58:27,657 - request - DEBUG - oppoADBdriver初始化完成
2018-08-10 15:59:22,153 - request - DEBUG - oppoADB driver初始化完成
2018-08-13 10:00:16,748 - request - DEBUG - oppoADB driver初始化完成
2018-08-13 11:26:10,795 - request - DEBUG - oppoADB driver初始化完成
2018-08-13 14:00:31,296 - request - DEBUG - oppoADB driver初始化完成
2018-08-13 14:00:49,715 - request - DEBUG - 微信登录成功
2018-08-13 14:16:14,897 - request - DEBUG - Model的model是：oppoADB
2018-08-13 14:16:14,898 - request - DEBUG - oppoADB的platformName是：Android
2018-08-13 14:16:14,898 - request - DEBUG - oppoADB的platformVersion是：4.4.4
2018-08-13 14:16:14,898 - request - DEBUG - oppoADB的deviceName是：OPPO R7
2018-08-13 14:16:14,898 - request - DEBUG - oppoADB的app是：
2018-08-13 14:16:14,898 - request - DEBUG - oppoADB的appPackage是：com.tencent.mm
2018-08-13 14:16:14,898 - request - DEBUG - oppoADB的appActivity是：.ui.LauncherUI
2018-08-13 14:16:14,899 - request - DEBUG - oppoADB的unicodeKeyboard是：True
2018-08-13 14:16:14,899 - request - DEBUG - oppoADB的resetKeyboard是：True
2018-08-13 14:16:14,899 - request - DEBUG - oppoADB的noReset是：True
2018-08-13 14:16:14,899 - request - DEBUG - oppoADB的recreateChromeDriverSessions是：True
2018-08-13 14:16:14,899 - request - DEBUG - oppoADB的chromeOptions是：{'androidProcess': 'com.tencent.mm:tools'}
2018-08-13 14:16:42,673 - request - DEBUG - 微信登录成功
2018-08-13 14:19:24,138 - request - DEBUG - oppoADB的deviceName是：OPPO R7
2018-08-13 14:19:57,967 - request - DEBUG - oppoADB的deviceName是：OPPO R7
2018-08-13 14:29:55,970 - request - DEBUG - oppoADB的deviceName是：OPPO R7
2018-08-13 14:30:18,169 - request - DEBUG - oppoADB的deviceName是：OPPO R7
2018-08-13 14:30:28,137 - request - DEBUG - Model的model是：oppoADB
2018-08-13 14:30:28,137 - request - DEBUG - oppoADB的platformName是：Android
2018-08-13 14:30:28,138 - request - DEBUG - oppoADB的platformVersion是：4.4.4
2018-08-13 14:30:28,138 - request - DEBUG - oppoADB的deviceName是：OPPO R7
2018-08-13 14:30:28,138 - request - DEBUG - oppoADB的app是：
2018-08-13 14:30:28,138 - request - DEBUG - oppoADB的appPackage是：com.tencent.mm
2018-08-13 14:30:28,138 - request - DEBUG - oppoADB的appActivity是：.ui.LauncherUI
2018-08-13 14:30:28,138 - request - DEBUG - oppoADB的unicodeKeyboard是：True
2018-08-13 14:30:28,138 - request - DEBUG - oppoADB的resetKeyboard是：True
2018-08-13 14:30:28,138 - request - DEBUG - oppoADB的noReset是：True
2018-08-13 14:30:28,138 - request - DEBUG - oppoADB的recreateChromeDriverSessions是：True
2018-08-13 14:30:28,139 - request - DEBUG - oppoADB的chromeOptions是：{'androidProcess': 'com.tencent.mm:tools'}
2018-08-13 14:30:54,801 - request - DEBUG - 微信登录成功
2018-08-13 14:41:01,937 - request - DEBUG - oppoADB driver初始化完成
2018-08-13 14:41:23,363 - request - DEBUG - 微信已登录，请直接操作！
2018-08-13 14:43:20,939 - request - DEBUG - oppoADB driver初始化完成
2018-08-13 14:43:47,061 - request - DEBUG - 微信已登录，请直接操作！
2018-08-13 14:46:28,446 - request - DEBUG - oppoADB driver初始化完成
2018-08-13 14:46:49,673 - request - DEBUG - 微信已登录，请直接操作！
2018-08-13 14:52:10,900 - request - DEBUG - oppoADB driver初始化完成
2018-08-13 14:52:31,662 - request - DEBUG - 微信已登录，请直接操作！
2018-08-13 14:53:10,964 - request - DEBUG - 寻找句柄中
2018-08-13 14:53:12,405 - request - DEBUG - 句柄切换成功
2018-08-13 14:53:18,281 - request - DEBUG - 进入商品Strawberry Fool 卡百利详情
2018-08-13 14:53:18,282 - request - DEBUG - *************开始测试商详页面*************
2018-08-13 14:53:18,285 - request - DEBUG - 开始执行测试用例！
2018-08-13 14:53:57,369 - request - DEBUG - 进入商品Strawberry Fool 卡百利详情
2018-08-13 14:53:57,370 - request - DEBUG - 测试用例执行完成
2018-08-13 14:53:59,751 - request - DEBUG - 开始执行测试用例！
2018-08-13 14:54:04,708 - request - DEBUG - 测试用例执行完成
2018-08-13 14:54:07,322 - request - DEBUG - 开始执行测试用例！
2018-08-13 14:54:11,822 - request - DEBUG - 测试用例执行完成
2018-08-13 14:54:15,031 - request - DEBUG - 开始执行测试用例！
2018-08-13 14:54:19,468 - request - DEBUG - 测试用例执行完成
2018-08-13 14:54:22,305 - request - DEBUG - 开始执行测试用例！
2018-08-13 14:54:26,730 - request - DEBUG - 测试用例执行完成
2018-08-13 14:54:29,984 - request - DEBUG - 开始执行测试用例！
2018-08-13 14:54:32,311 - request - DEBUG - 测试用例执行完成
2018-08-13 14:54:34,973 - request - DEBUG - *************商详页面测试结束*************
2018-08-13 14:54:54,994 - request - DEBUG - 进入主页失败！
2018-08-13 15:01:40,798 - request - DEBUG - oppoADB driver初始化完成
2018-08-13 15:02:12,074 - request - DEBUG - 微信已登录，请直接操作！
2018-08-13 15:02:52,562 - request - DEBUG - 寻找句柄中
2018-08-13 15:02:54,045 - request - DEBUG - 句柄切换成功
2018-08-13 15:02:58,961 - request - DEBUG - 进入商品Strawberry Fool 卡百利详情
2018-08-13 15:02:58,961 - request - DEBUG - *************开始测试商详页面*************
2018-08-13 15:02:58,963 - request - DEBUG - 开始执行测试用例！
2018-08-13 15:03:37,941 - request - DEBUG - 进入商品Strawberry Fool 卡百利详情
2018-08-13 15:03:37,942 - request - DEBUG - 测试用例执行完成
2018-08-13 15:03:40,063 - request - DEBUG - 开始执行测试用例！
2018-08-13 15:03:46,539 - request - DEBUG - 测试用例执行完成
2018-08-13 15:03:49,379 - request - DEBUG - 开始执行测试用例！
2018-08-13 15:03:53,642 - request - DEBUG - 测试用例执行完成
2018-08-13 15:03:56,534 - request - DEBUG - 开始执行测试用例！
2018-08-13 15:04:00,405 - request - DEBUG - 测试用例执行完成
2018-08-13 15:04:03,180 - request - DEBUG - 开始执行测试用例！
2018-08-13 15:04:07,112 - request - DEBUG - 测试用例执行完成
2018-08-13 15:04:09,052 - request - DEBUG - 开始执行测试用例！
2018-08-13 15:04:12,215 - request - DEBUG - 测试用例执行完成
2018-08-13 15:04:14,294 - request - DEBUG - *************商详页面测试结束*************
2018-08-13 15:04:34,489 - request - DEBUG - 进入主页失败！
2018-08-13 15:23:14,474 - request - DEBUG - oppoADB driver初始化完成
2018-08-13 15:24:16,530 - request - DEBUG - oppoADB driver初始化完成
2018-08-13 15:24:47,291 - request - DEBUG - 微信已登录，请直接操作！
2018-08-13 15:25:27,590 - request - DEBUG - 寻找句柄中
2018-08-13 15:25:29,023 - request - DEBUG - 句柄切换成功
2018-08-13 15:25:33,740 - request - DEBUG - 进入商品Strawberry Fool 卡百利详情
2018-08-13 15:33:31,069 - request - DEBUG - oppoADB driver初始化完成
2018-08-13 15:34:01,609 - request - DEBUG - 微信已登录，请直接操作！
2018-08-13 15:34:42,569 - request - DEBUG - 寻找句柄中
2018-08-13 15:34:44,434 - request - DEBUG - 句柄切换成功
2018-08-13 15:34:49,220 - request - DEBUG - 进入商品Strawberry Fool 卡百利详情
2018-08-13 15:57:01,159 - request - DEBUG - oppoADB driver初始化完成
2018-08-13 15:57:10,050 - request - DEBUG - 微信已登录，请直接操作！
2018-08-13 15:57:50,145 - request - DEBUG - oppoADB driver初始化完成
2018-08-13 15:58:22,211 - request - DEBUG - 微信已登录，请直接操作！
2018-08-13 15:59:14,048 - request - DEBUG - 寻找句柄中
2018-08-13 15:59:17,488 - request - DEBUG - 句柄切换成功
2018-08-13 15:59:28,682 - request - DEBUG - 进入商品Strawberry Fool 卡百利详情
2018-08-13 16:01:31,186 - request - DEBUG - oppoADB driver初始化完成
2018-08-13 16:02:01,859 - request - DEBUG - 微信已登录，请直接操作！
2018-08-13 16:02:43,505 - request - DEBUG - 寻找句柄中
2018-08-13 16:02:44,924 - request - DEBUG - 句柄切换成功
2018-08-13 16:02:49,522 - request - DEBUG - 进入商品Strawberry Fool 卡百利详情
2018-08-13 16:03:28,617 - request - DEBUG - 进入商品Strawberry Fool 卡百利详情
2018-08-13 16:04:56,259 - request - DEBUG - oppoADB driver初始化完成
2018-08-13 16:05:27,348 - request - DEBUG - 微信已登录，请直接操作！
2018-08-13 16:06:08,969 - request - DEBUG - 寻找句柄中
2018-08-13 16:06:10,725 - request - DEBUG - 句柄切换成功
2018-08-13 16:06:15,064 - request - DEBUG - 进入商品Strawberry Fool 卡百利详情
2018-08-13 16:09:34,592 - request - DEBUG - oppoADB driver初始化完成
2018-08-13 16:10:05,257 - request - DEBUG - 微信已登录，请直接操作！
2018-08-13 16:10:47,762 - request - DEBUG - 句柄切换成功
2018-08-13 16:10:54,399 - request - DEBUG - 进入商品Strawberry Fool 卡百利详情
2018-08-13 16:12:15,638 - request - DEBUG - oppoADB driver初始化完成
2018-08-13 16:12:47,228 - request - DEBUG - 微信已登录，请直接操作！
2018-08-13 16:13:30,341 - request - DEBUG - 寻找句柄中
2018-08-13 16:13:31,819 - request - DEBUG - 句柄切换成功
2018-08-13 16:13:36,481 - request - DEBUG - 进入商品Strawberry Fool 卡百利详情
2018-08-14 10:09:58,765 - request - DEBUG - oppoADB driver初始化完成
2018-08-14 10:12:25,250 - request - DEBUG - oppoADB driver初始化完成
2018-08-14 10:12:55,836 - request - DEBUG - 微信已登录，请直接操作！
2018-08-14 10:14:05,015 - request - DEBUG - oppoADB driver初始化完成
2018-08-14 10:14:26,406 - request - DEBUG - 微信登录成功
2018-08-14 10:15:18,174 - request - DEBUG - 寻找句柄中
2018-08-14 10:15:19,665 - request - DEBUG - 句柄切换成功
2018-08-14 10:15:24,924 - request - DEBUG - 进入商品Strawberry Fool 卡百利详情
2018-08-14 10:15:24,925 - request - DEBUG - *************开始测试商详页面*************
2018-08-14 10:15:24,925 - request - DEBUG - 开始执行测试用例！
2018-08-14 10:15:45,264 - request - DEBUG - 测试用例执行完成
2018-08-14 10:15:48,370 - request - DEBUG - 开始执行测试用例！
2018-08-14 10:16:11,129 - request - DEBUG - 测试用例执行完成
2018-08-14 10:16:14,039 - request - DEBUG - 开始执行测试用例！
2018-08-14 10:16:37,516 - request - DEBUG - 测试用例执行完成
2018-08-14 10:16:40,519 - request - DEBUG - 开始执行测试用例！
2018-08-14 10:16:44,187 - request - DEBUG - 测试用例执行完成
2018-08-14 10:16:46,799 - request - DEBUG - 开始执行测试用例！
2018-08-14 10:16:50,432 - request - DEBUG - 测试用例执行完成
2018-08-14 10:16:52,577 - request - DEBUG - 开始执行测试用例！
2018-08-14 10:16:55,012 - request - DEBUG - 测试用例执行完成
2018-08-14 10:16:57,131 - request - DEBUG - *************商详页面测试结束*************
2018-08-14 11:55:22,961 - request - DEBUG - oppoADB driver初始化完成
2018-08-14 11:55:54,029 - request - DEBUG - 微信已登录，请直接操作！
2018-08-14 11:56:34,275 - request - DEBUG - 寻找句柄中
2018-08-14 11:56:35,684 - request - DEBUG - 句柄切换成功
2018-08-14 11:56:40,186 - request - DEBUG - 进入到购物车页面！
2018-08-14 11:56:40,187 - request - DEBUG - *************开始测试购物车*************
2018-08-14 11:56:40,191 - request - DEBUG - 开始执行测试用例!
2018-08-14 11:56:51,929 - request - DEBUG - sku未处于选中状态
2018-08-14 11:56:53,396 - request - DEBUG - sku未处于选中状态
2018-08-14 11:56:54,926 - request - DEBUG - sku未处于选中状态
2018-08-14 11:56:56,444 - request - DEBUG - sku未处于选中状态
2018-08-14 11:56:57,906 - request - DEBUG - sku未处于选中状态
2018-08-14 11:56:57,907 - request - DEBUG - 购物车中已选中sku总额是0.0
2018-08-14 11:56:58,366 - request - DEBUG - 测试用例执行完成！
2018-08-14 11:56:58,368 - request - DEBUG - 开始执行测试用例!
2018-08-14 11:57:09,087 - request - DEBUG - 测试用例执行完成！
2018-08-14 11:57:09,089 - request - DEBUG - *************购物车测试完成*************
2018-08-14 14:15:56,650 - request - DEBUG - oppoADB driver初始化完成
2018-08-14 14:16:13,691 - request - DEBUG - 微信登录成功
2018-08-14 14:17:07,376 - request - DEBUG - 寻找句柄中
2018-08-14 14:17:08,844 - request - DEBUG - 句柄切换成功
2018-08-14 14:17:11,712 - request - DEBUG - 进入到购物车页面！
2018-08-14 14:17:11,712 - request - DEBUG - *************开始测试购物车*************
2018-08-14 14:17:11,713 - request - DEBUG - 开始执行测试用例!
2018-08-14 14:17:22,825 - request - DEBUG - 测试用例执行完成！
2018-08-14 14:17:22,828 - request - DEBUG - 开始执行测试用例!
2018-08-14 14:17:34,195 - request - DEBUG - sku未处于选中状态
2018-08-14 14:17:35,755 - request - DEBUG - sku未处于选中状态
2018-08-14 14:17:37,357 - request - DEBUG - sku未处于选中状态
2018-08-14 14:17:38,898 - request - DEBUG - sku未处于选中状态
2018-08-14 14:17:40,358 - request - DEBUG - sku未处于选中状态
2018-08-14 14:17:41,841 - request - DEBUG - sku未处于选中状态
2018-08-14 14:17:41,841 - request - DEBUG - 购物车中已选中sku总额是0
2018-08-14 14:17:42,274 - request - DEBUG - 测试用例执行完成！
2018-08-14 14:17:42,275 - request - DEBUG - *************购物车测试完成*************
2018-08-14 14:29:19,383 - request - DEBUG - oppoADB driver初始化完成
2018-08-14 14:29:51,026 - request - DEBUG - 微信已登录，请直接操作！
2018-08-14 14:30:44,180 - request - DEBUG - 句柄切换成功
2018-08-14 14:30:50,633 - request - DEBUG - 进入到购物车页面！
2018-08-14 14:30:50,633 - request - DEBUG - *************开始测试购物车*************
2018-08-14 14:30:50,636 - request - DEBUG - 开始执行测试用例!
2018-08-14 14:33:01,703 - request - DEBUG - 测试用例执行完成！
2018-08-14 14:33:01,705 - request - DEBUG - 开始执行测试用例!
2018-08-14 14:34:05,310 - request - DEBUG - 购物车中已选中sku总额是0.0
2018-08-14 14:34:07,846 - request - DEBUG - 测试用例执行完成！
2018-08-14 14:34:07,852 - request - DEBUG - *************购物车测试完成*************
2018-08-14 14:41:36,922 - request - DEBUG - oppoADB driver初始化完成
2018-08-14 14:42:08,510 - request - DEBUG - 微信已登录，请直接操作！
2018-08-14 14:42:49,505 - request - DEBUG - 寻找句柄中
2018-08-14 14:42:51,005 - request - DEBUG - 句柄切换成功
2018-08-14 14:42:54,607 - request - DEBUG - 进入到购物车页面！
2018-08-14 14:44:34,345 - request - DEBUG - 购物车中已选中sku总额是0
2018-08-14 14:46:45,724 - request - DEBUG - oppoADB driver初始化完成
2018-08-14 14:47:17,780 - request - DEBUG - 微信已登录，请直接操作！
2018-08-14 14:49:02,557 - request - DEBUG - oppoADB driver初始化完成
2018-08-14 14:49:33,228 - request - DEBUG - 微信已登录，请直接操作！
2018-08-14 14:50:14,684 - request - DEBUG - 寻找句柄中
2018-08-14 14:50:16,540 - request - DEBUG - 句柄切换成功
2018-08-14 14:50:20,815 - request - DEBUG - 进入到购物车页面！
2018-08-14 15:06:49,516 - request - DEBUG - oppoADB driver初始化完成
2018-08-14 15:07:20,622 - request - DEBUG - 微信已登录，请直接操作！
2018-08-14 15:08:01,262 - request - DEBUG - 寻找句柄中
2018-08-14 15:08:02,703 - request - DEBUG - 句柄切换成功
2018-08-14 15:08:05,548 - request - DEBUG - 进入到购物车页面！
2018-08-14 15:09:27,955 - request - DEBUG - 结算合计金额是0.00
2018-08-14 15:09:46,516 - request - DEBUG - 购物车中已选中sku总额是0
2018-08-14 15:12:07,356 - request - DEBUG - oppoADB driver初始化完成
2018-08-14 15:12:37,952 - request - DEBUG - 微信已登录，请直接操作！
2018-08-14 15:13:18,263 - request - DEBUG - 寻找句柄中
2018-08-14 15:13:20,027 - request - DEBUG - 句柄切换成功
2018-08-14 15:13:22,127 - request - DEBUG - 进入到购物车页面！
2018-08-14 15:14:38,482 - request - DEBUG - oppoADB driver初始化完成
2018-08-14 15:15:10,064 - request - DEBUG - 微信已登录，请直接操作！
2018-08-14 15:15:50,891 - request - DEBUG - 寻找句柄中
2018-08-14 15:15:52,725 - request - DEBUG - 句柄切换成功
2018-08-14 15:15:57,179 - request - DEBUG - 进入到购物车页面！
2018-08-14 15:17:58,114 - request - DEBUG - oppoADB driver初始化完成
2018-08-14 15:18:29,294 - request - DEBUG - 微信已登录，请直接操作！
2018-08-14 15:19:10,279 - request - DEBUG - 寻找句柄中
2018-08-14 15:19:11,754 - request - DEBUG - 句柄切换成功
2018-08-14 15:19:14,877 - request - DEBUG - 进入到购物车页面！
2018-08-14 15:39:41,121 - request - DEBUG - oppoADB driver初始化完成
2018-08-14 15:40:25,608 - request - DEBUG - 微信已登录，请直接操作！
2018-08-14 15:41:07,172 - request - DEBUG - 寻找句柄中
2018-08-14 15:41:08,539 - request - DEBUG - 句柄切换成功
2018-08-14 15:41:12,470 - request - DEBUG - 进入到购物车页面！
2018-08-14 15:42:58,064 - request - DEBUG - oppoADB driver初始化完成
2018-08-14 15:43:29,212 - request - DEBUG - 微信已登录，请直接操作！
2018-08-14 15:44:10,966 - request - DEBUG - 寻找句柄中
2018-08-14 15:44:12,748 - request - DEBUG - 句柄切换成功
2018-08-14 15:44:15,990 - request - DEBUG - 进入到购物车页面！
2018-08-14 15:48:24,334 - request - DEBUG - oppoADB driver初始化完成
2018-08-14 15:48:55,644 - request - DEBUG - 微信已登录，请直接操作！
2018-08-14 15:49:35,893 - request - DEBUG - 寻找句柄中
2018-08-14 15:49:37,697 - request - DEBUG - 句柄切换成功
2018-08-14 15:49:40,922 - request - DEBUG - 进入到购物车页面！
2018-08-14 15:54:00,690 - request - DEBUG - oppoADB driver初始化完成
2018-08-14 15:54:31,277 - request - DEBUG - 微信已登录，请直接操作！
2018-08-14 15:55:12,235 - request - DEBUG - 寻找句柄中
2018-08-14 15:55:13,627 - request - DEBUG - 句柄切换成功
2018-08-14 15:55:17,792 - request - DEBUG - 进入到购物车页面！
2018-08-14 15:59:49,958 - request - DEBUG - oppoADB driver初始化完成
2018-08-14 16:00:20,820 - request - DEBUG - 微信已登录，请直接操作！
2018-08-14 16:01:01,656 - request - DEBUG - 寻找句柄中
2018-08-14 16:01:03,475 - request - DEBUG - 句柄切换成功
2018-08-14 16:01:07,823 - request - DEBUG - 进入到购物车页面！
2018-08-14 16:01:32,551 - request - DEBUG - 购物车中第1个商品已选中
2018-08-14 16:05:34,705 - request - DEBUG - oppoADB driver初始化完成
2018-08-14 16:06:05,872 - request - DEBUG - 微信已登录，请直接操作！
2018-08-14 16:06:47,672 - request - DEBUG - 寻找句柄中
2018-08-14 16:06:49,126 - request - DEBUG - 句柄切换成功
2018-08-14 16:06:52,467 - request - DEBUG - 进入到购物车页面！
2018-08-14 16:06:52,468 - request - DEBUG - *************开始测试购物车*************
2018-08-14 16:06:52,472 - request - DEBUG - 开始执行测试用例!
2018-08-14 16:07:03,773 - request - DEBUG - 购物车中第1个商品已选中
2018-08-14 16:07:26,575 - request - DEBUG - 购物车中第3个商品无法点击
2018-08-14 16:07:27,668 - request - DEBUG - 购物车中第4个商品无法点击
2018-08-14 16:07:28,646 - request - DEBUG - 购物车中第5个商品无法点击
2018-08-14 16:07:30,391 - request - DEBUG - 测试用例执行完成！
2018-08-14 16:07:30,402 - request - DEBUG - *************购物车测试完成*************
2018-08-14 16:12:04,473 - request - DEBUG - oppoADB driver初始化完成
2018-08-14 16:12:35,332 - request - DEBUG - 微信已登录，请直接操作！
2018-08-14 16:13:16,019 - request - DEBUG - 寻找句柄中
2018-08-14 16:13:17,541 - request - DEBUG - 句柄切换成功
2018-08-14 16:13:19,928 - request - DEBUG - 进入到购物车页面！
2018-08-14 16:13:19,928 - request - DEBUG - *************开始测试购物车*************
2018-08-14 16:13:19,933 - request - DEBUG - 开始执行测试用例!
2018-08-14 16:13:31,191 - request - DEBUG - 购物车中第1个商品已选中
2018-08-14 16:13:32,273 - request - DEBUG - 购物车中第2个商品已选中
2018-08-14 16:13:33,218 - request - DEBUG - 购物车中第3个商品无法点击
2018-08-14 16:13:34,214 - request - DEBUG - 购物车中第4个商品无法点击
2018-08-14 16:13:35,105 - request - DEBUG - 购物车中第5个商品无法点击
2018-08-14 16:13:57,908 - request - DEBUG - 测试用例执行完成！
2018-08-14 16:13:57,908 - request - DEBUG - *************购物车测试完成*************
2018-08-14 16:20:21,172 - request - DEBUG - oppoADB driver初始化完成
2018-08-14 16:20:21,176 - request - DEBUG - *************购物车测试完成*************
2018-08-14 16:22:11,292 - request - DEBUG - oppoADB driver初始化完成
2018-08-14 16:22:42,066 - request - DEBUG - 微信已登录，请直接操作！
2018-08-14 16:23:22,606 - request - DEBUG - 寻找句柄中
2018-08-14 16:23:24,038 - request - DEBUG - 句柄切换成功
2018-08-14 16:23:28,491 - request - DEBUG - 进入到购物车页面！
2018-08-14 16:23:28,491 - request - DEBUG - *************开始测试购物车*************
2018-08-14 16:23:28,493 - request - DEBUG - 开始执行测试用例!
2018-08-14 16:23:39,721 - request - DEBUG - 购物车中第1个商品已选中
2018-08-14 16:23:40,702 - request - DEBUG - 购物车中第2个商品已选中
2018-08-14 16:23:41,643 - request - DEBUG - 购物车中第3个商品无法点击
2018-08-14 16:23:42,590 - request - DEBUG - 购物车中第4个商品无法点击
2018-08-14 16:23:43,447 - request - DEBUG - 购物车中第5个商品无法点击
2018-08-14 16:23:44,345 - request - DEBUG - 购物车中第6个商品已选中
2018-08-14 16:23:45,210 - request - DEBUG - 测试用例执行完成！
2018-08-14 16:23:45,211 - request - DEBUG - 开始执行测试用例!
2018-08-14 16:23:56,774 - request - DEBUG - 测试用例执行完成！
2018-08-14 16:23:56,776 - request - DEBUG - *************购物车测试完成*************
2018-08-14 16:45:34,005 - request - DEBUG - oppoADB driver初始化完成
2018-08-14 16:46:04,751 - request - DEBUG - 微信已登录，请直接操作！
2018-08-14 16:46:44,838 - request - DEBUG - 寻找句柄中
2018-08-14 16:46:46,362 - request - DEBUG - 句柄切换成功
2018-08-14 16:46:49,283 - request - DEBUG - 进入到购物车页面！
2018-08-14 16:46:49,283 - request - DEBUG - *************开始测试购物车*************
2018-08-14 16:46:49,286 - request - DEBUG - 开始执行测试用例!
2018-08-14 16:47:22,189 - request - DEBUG - 购物车中第2个商品已选中
2018-08-14 16:47:23,041 - request - DEBUG - 购物车中第3个商品无法点击
2018-08-14 16:47:23,977 - request - DEBUG - 购物车中第4个商品无法点击
2018-08-14 16:47:24,898 - request - DEBUG - 购物车中第5个商品无法点击
2018-08-14 16:47:25,941 - request - DEBUG - 购物车中第6个商品已选中
2018-08-14 16:47:26,788 - request - DEBUG - 测试用例执行完成！
2018-08-14 16:47:26,789 - request - DEBUG - 开始执行测试用例!
2018-08-14 16:47:38,291 - request - DEBUG - 测试用例执行完成！
2018-08-14 16:47:38,293 - request - DEBUG - *************购物车测试完成*************
2018-08-14 16:50:14,670 - request - DEBUG - oppoADB driver初始化完成
2018-08-14 16:50:45,984 - request - DEBUG - 微信已登录，请直接操作！
2018-08-14 16:51:26,542 - request - DEBUG - 寻找句柄中
2018-08-14 16:51:27,920 - request - DEBUG - 句柄切换成功
2018-08-14 16:51:30,963 - request - DEBUG - 进入到购物车页面！
2018-08-14 16:51:32,945 - request - DEBUG - 结算合计金额是0.19
2018-08-14 17:37:59,633 - request - DEBUG - oppoADB driver初始化完成
2018-08-14 17:38:17,472 - request - DEBUG - 微信登录成功
2018-08-14 17:39:08,800 - request - DEBUG - 寻找句柄中
2018-08-14 17:39:10,223 - request - DEBUG - 句柄切换成功
2018-08-14 17:39:13,610 - request - DEBUG - 进入到购物车页面！
2018-08-14 17:41:06,108 - request - DEBUG - oppoADB driver初始化完成
2018-08-14 17:41:37,715 - request - DEBUG - 微信已登录，请直接操作！
2018-08-14 17:42:18,732 - request - DEBUG - 寻找句柄中
2018-08-14 17:42:20,227 - request - DEBUG - 句柄切换成功
2018-08-14 17:42:23,961 - request - DEBUG - 进入到购物车页面！
2018-08-14 17:42:25,835 - request - DEBUG - 结算合计金额是0.19
2018-08-14 17:42:36,115 - request - DEBUG - 购物车中有6个商品
2018-08-14 17:46:33,604 - request - DEBUG - oppoADB driver初始化完成
2018-08-14 17:47:04,946 - request - DEBUG - 微信已登录，请直接操作！
2018-08-14 17:47:45,480 - request - DEBUG - 寻找句柄中
2018-08-14 17:47:46,964 - request - DEBUG - 句柄切换成功
2018-08-14 17:47:51,431 - request - DEBUG - 进入到购物车页面！
2018-08-14 17:47:52,704 - request - DEBUG - 结算合计金额是0.19
2018-08-14 17:51:57,577 - request - DEBUG - oppoADB driver初始化完成
2018-08-14 17:52:28,721 - request - DEBUG - 微信已登录，请直接操作！
2018-08-14 17:53:09,280 - request - DEBUG - 寻找句柄中
2018-08-14 17:53:10,744 - request - DEBUG - 句柄切换成功
2018-08-14 17:53:13,105 - request - DEBUG - 进入到购物车页面！
2018-08-14 17:53:15,153 - request - DEBUG - 结算合计金额是0.19
2018-08-14 17:53:15,694 - request - DEBUG - 第2个商品的价格是0.01
2018-08-14 17:54:42,039 - request - DEBUG - oppoADB driver初始化完成
2018-08-14 17:55:13,008 - request - DEBUG - 微信已登录，请直接操作！
2018-08-14 17:55:53,869 - request - DEBUG - 寻找句柄中
2018-08-14 17:55:55,723 - request - DEBUG - 句柄切换成功
2018-08-14 17:55:59,019 - request - DEBUG - 进入到购物车页面！
2018-08-14 17:55:59,020 - request - DEBUG - *************开始测试购物车*************
2018-08-14 17:55:59,024 - request - DEBUG - 开始执行测试用例!
2018-08-14 17:56:09,256 - request - DEBUG - 购物车中有6个商品
2018-08-14 17:56:31,815 - request - DEBUG - 购物车中第2个商品已选中
2018-08-14 17:56:32,752 - request - DEBUG - 购物车中第3个商品无法点击
2018-08-14 17:56:33,674 - request - DEBUG - 购物车中第4个商品无法点击
2018-08-14 17:56:34,498 - request - DEBUG - 购物车中第5个商品无法点击
2018-08-14 17:56:35,522 - request - DEBUG - 购物车中第6个商品已选中
2018-08-14 17:56:36,377 - request - DEBUG - 测试用例执行完成！
2018-08-14 17:56:36,378 - request - DEBUG - 开始执行测试用例!
2018-08-14 17:56:46,496 - request - DEBUG - 购物车中有6个商品
2018-08-14 17:56:46,974 - request - DEBUG - 第1个商品的价格是0.01
2018-08-14 17:56:47,841 - request - DEBUG - 测试用例执行完成！
2018-08-14 17:56:47,844 - request - DEBUG - *************购物车测试完成*************
2018-08-14 18:01:19,601 - request - DEBUG - oppoADB driver初始化完成
2018-08-14 18:01:50,432 - request - DEBUG - 微信已登录，请直接操作！
2018-08-14 18:02:32,042 - request - DEBUG - 寻找句柄中
2018-08-14 18:02:33,481 - request - DEBUG - 句柄切换成功
2018-08-14 18:02:37,010 - request - DEBUG - 进入到购物车页面！
2018-08-14 18:02:37,011 - request - DEBUG - *************开始测试购物车*************
2018-08-14 18:02:37,015 - request - DEBUG - 开始执行测试用例!
2018-08-14 18:02:47,297 - request - DEBUG - 购物车中有6个商品
2018-08-14 18:02:48,297 - request - DEBUG - 购物车中第1个商品已选中
2018-08-14 18:02:49,283 - request - DEBUG - 购物车中第2个商品已选中
2018-08-14 18:02:50,168 - request - DEBUG - 购物车中第3个商品无法点击
2018-08-14 18:02:51,162 - request - DEBUG - 购物车中第4个商品无法点击
2018-08-14 18:02:51,973 - request - DEBUG - 购物车中第5个商品无法点击
2018-08-14 18:02:52,918 - request - DEBUG - 购物车中第6个商品已选中
2018-08-14 18:02:53,836 - request - DEBUG - 测试用例执行完成！
2018-08-14 18:02:53,837 - request - DEBUG - 开始执行测试用例!
2018-08-14 18:03:03,999 - request - DEBUG - 购物车中有6个商品
2018-08-14 18:03:04,483 - request - DEBUG - 第1个商品的价格是0.01
2018-08-14 18:03:05,028 - request - DEBUG - 测试用例执行完成！
2018-08-14 18:03:05,030 - request - DEBUG - *************购物车测试完成*************
2018-08-14 18:11:30,571 - request - DEBUG - oppoADB driver初始化完成
2018-08-14 18:12:02,070 - request - DEBUG - 微信已登录，请直接操作！
2018-08-14 18:12:43,652 - request - DEBUG - 寻找句柄中
2018-08-14 18:12:45,438 - request - DEBUG - 句柄切换成功
2018-08-14 18:12:49,577 - request - DEBUG - 进入到购物车页面！
2018-08-14 18:12:50,497 - request - DEBUG - 结算合计金额是0.3
2018-08-14 18:13:00,751 - request - DEBUG - 购物车中有6个商品
2018-08-14 18:13:01,255 - request - DEBUG - 第1个商品的价格是0.01
2018-08-14 18:15:21,292 - request - DEBUG - oppoADB driver初始化完成
2018-08-14 18:15:52,875 - request - DEBUG - 微信已登录，请直接操作！
2018-08-14 18:16:34,795 - request - DEBUG - 寻找句柄中
2018-08-14 18:16:36,213 - request - DEBUG - 句柄切换成功
2018-08-14 18:16:39,508 - request - DEBUG - 进入到购物车页面！
2018-08-14 18:16:41,270 - request - DEBUG - 结算合计金额是0.3
2018-08-14 18:16:51,494 - request - DEBUG - 购物车中有6个商品
2018-08-14 18:16:51,970 - request - DEBUG - 第1个商品的价格是0.01
2018-08-14 18:16:52,228 - request - DEBUG - 第1个商品的数量是11
2018-08-14 18:16:53,297 - request - DEBUG - 第2个商品的价格是0.01
2018-08-14 18:16:53,619 - request - DEBUG - 第2个商品的数量是14
2018-08-14 18:16:54,864 - request - DEBUG - 第3个商品的价格是0.01
2018-08-14 18:16:55,154 - request - DEBUG - 第3个商品的数量是2
2018-08-14 18:16:56,437 - request - DEBUG - 第4个商品的价格是0.01
2018-08-14 18:16:56,724 - request - DEBUG - 第4个商品的数量是15
2018-08-14 18:16:57,834 - request - DEBUG - 第5个商品的价格是20.00
2018-08-14 18:16:58,169 - request - DEBUG - 第5个商品的数量是1
2018-08-14 18:16:59,260 - request - DEBUG - 第6个商品的价格是0.05
2018-08-14 18:16:59,595 - request - DEBUG - 第6个商品的数量是1
2018-08-14 18:17:00,273 - request - DEBUG - 购物车中已选中sku总额是0.3
2018-08-14 18:18:29,042 - request - DEBUG - oppoADB driver初始化完成
2018-08-14 18:18:59,914 - request - DEBUG - 微信已登录，请直接操作！
2018-08-14 18:19:40,941 - request - DEBUG - 寻找句柄中
2018-08-14 18:19:42,415 - request - DEBUG - 寻找句柄中
2018-08-14 18:20:02,538 - request - ERROR - 进入购物车失败！
2018-08-14 18:20:02,539 - request - DEBUG - *************开始测试购物车*************
2018-08-14 18:20:02,543 - request - DEBUG - 开始执行测试用例!
2018-08-14 18:20:12,820 - request - DEBUG - 购物车中有0个商品
2018-08-14 18:20:13,089 - request - DEBUG - 测试用例执行完成！
2018-08-14 18:20:13,098 - request - DEBUG - *************购物车测试完成*************
2018-08-14 18:24:38,164 - request - DEBUG - oppoADB driver初始化完成
2018-08-14 18:25:09,131 - request - DEBUG - 微信已登录，请直接操作！
2018-08-14 18:25:50,190 - request - DEBUG - 寻找句柄中
2018-08-14 18:25:51,598 - request - DEBUG - 句柄切换成功
2018-08-14 18:25:54,739 - request - DEBUG - 进入到购物车页面！
2018-08-14 18:25:54,740 - request - DEBUG - *************开始测试购物车*************
2018-08-14 18:25:54,746 - request - DEBUG - 开始执行测试用例!
2018-08-14 18:26:05,010 - request - DEBUG - 购物车中有6个商品
2018-08-14 18:26:05,859 - request - DEBUG - 购物车中第1个商品已选中
2018-08-14 18:26:28,458 - request - DEBUG - 购物车中第3个商品无法点击
2018-08-14 18:26:29,332 - request - DEBUG - 购物车中第4个商品无法点击
2018-08-14 18:26:30,189 - request - DEBUG - 购物车中第5个商品无法点击
2018-08-14 18:26:31,054 - request - DEBUG - 购物车中第6个商品已选中
2018-08-14 18:26:31,966 - request - DEBUG - 测试用例执行完成！
2018-08-14 18:26:31,967 - request - DEBUG - *************购物车测试完成*************
2018-08-14 18:31:30,780 - request - DEBUG - oppoADB driver初始化完成
2018-08-14 18:32:47,323 - request - DEBUG - 微信已登录，请直接操作！
2018-08-14 18:37:36,587 - request - DEBUG - oppoADB driver初始化完成
2018-08-14 18:38:17,632 - request - DEBUG - 微信已登录，请直接操作！
2018-08-14 18:38:57,705 - request - DEBUG - 寻找句柄中
2018-08-14 18:38:59,156 - request - DEBUG - 句柄切换成功
2018-08-14 18:39:02,614 - request - DEBUG - 进入到购物车页面！
2018-08-14 18:39:02,615 - request - DEBUG - *************开始测试购物车*************
2018-08-14 18:39:02,619 - request - DEBUG - 开始执行测试用例!
2018-08-14 18:39:12,880 - request - DEBUG - 购物车中有6个商品
2018-08-14 18:39:13,717 - request - DEBUG - 购物车中第1个商品已选中
2018-08-14 18:39:14,715 - request - DEBUG - 购物车中第2个商品已选中
2018-08-14 18:39:15,551 - request - DEBUG - 购物车中第3个商品无法点击
2018-08-14 18:39:16,428 - request - DEBUG - 购物车中第4个商品无法点击
2018-08-14 18:39:17,203 - request - DEBUG - 购物车中第5个商品无法点击
2018-08-14 18:39:18,166 - request - DEBUG - 购物车中第6个商品已选中
2018-08-14 18:39:19,044 - request - DEBUG - 测试用例执行完成！
2018-08-14 18:39:19,045 - request - DEBUG - 开始执行测试用例!
2018-08-14 18:39:29,162 - request - DEBUG - 购物车中有6个商品
2018-08-14 18:39:29,683 - request - DEBUG - 第1个商品的价格是0.01
2018-08-14 18:39:30,057 - request - DEBUG - 第1个商品的数量是11
2018-08-14 18:39:30,886 - request - DEBUG - 第2个商品的价格是0.01
2018-08-14 18:39:31,187 - request - DEBUG - 第2个商品的数量是14
2018-08-14 18:39:32,006 - request - DEBUG - 第3个商品的价格是0.01
2018-08-14 18:39:32,302 - request - DEBUG - 第3个商品的数量是2
2018-08-14 18:39:33,134 - request - DEBUG - 第4个商品的价格是0.01
2018-08-14 18:39:33,487 - request - DEBUG - 第4个商品的数量是15
2018-08-14 18:39:34,331 - request - DEBUG - 第5个商品的价格是20.00
2018-08-14 18:39:34,686 - request - DEBUG - 第5个商品的数量是1
2018-08-14 18:39:35,435 - request - DEBUG - 第6个商品的价格是0.05
2018-08-14 18:39:35,809 - request - DEBUG - 第6个商品的数量是1
2018-08-14 18:39:36,100 - request - DEBUG - 购物车中已选中sku总额是0.3
2018-08-14 18:39:36,622 - request - DEBUG - 结算合计金额是0.3
2018-08-14 18:39:36,623 - request - DEBUG - 测试用例执行完成！
2018-08-14 18:39:36,623 - request - DEBUG - *************购物车测试完成*************
2018-08-14 18:55:18,524 - request - DEBUG - oppoADB driver初始化完成
2018-08-14 18:55:59,664 - request - DEBUG - 微信已登录，请直接操作！
2018-08-14 18:56:40,675 - request - DEBUG - 寻找句柄中
2018-08-14 18:56:42,127 - request - DEBUG - 句柄切换成功
2018-08-14 18:56:46,193 - request - DEBUG - 进入到购物车页面！
2018-08-14 18:56:46,193 - request - DEBUG - *************开始测试购物车*************
2018-08-14 18:56:46,199 - request - DEBUG - 开始执行测试用例!
2018-08-14 18:56:56,464 - request - DEBUG - 购物车中有6个商品
2018-08-14 18:56:57,337 - request - DEBUG - 购物车中第1个商品已选中
2018-08-14 18:56:58,089 - request - DEBUG - 购物车中第2个商品已选中
2018-08-14 18:56:58,939 - request - DEBUG - 购物车中第3个商品无法点击
2018-08-14 18:56:59,846 - request - DEBUG - 购物车中第4个商品无法点击
2018-08-14 18:57:00,768 - request - DEBUG - 购物车中第5个商品无法点击
2018-08-14 18:57:01,811 - request - DEBUG - 购物车中第6个商品已选中
2018-08-14 18:57:02,708 - request - DEBUG - 测试用例执行完成！
2018-08-14 18:57:02,709 - request - DEBUG - 开始执行测试用例!
2018-08-14 18:57:12,838 - request - DEBUG - 购物车中有6个商品
2018-08-14 18:57:13,370 - request - DEBUG - 第1个商品的价格是0.01
2018-08-14 18:57:13,716 - request - DEBUG - 第1个商品的数量是11
2018-08-14 18:57:14,606 - request - DEBUG - 第2个商品的价格是0.01
2018-08-14 18:57:14,901 - request - DEBUG - 第2个商品的数量是14
2018-08-14 18:57:15,795 - request - DEBUG - 第3个商品的价格是0.01
2018-08-14 18:57:16,126 - request - DEBUG - 第3个商品的数量是2
2018-08-14 18:57:16,963 - request - DEBUG - 第4个商品的价格是0.01
2018-08-14 18:57:17,268 - request - DEBUG - 第4个商品的数量是15
2018-08-14 18:57:18,164 - request - DEBUG - 第5个商品的价格是20.00
2018-08-14 18:57:18,507 - request - DEBUG - 第5个商品的数量是1
2018-08-14 18:57:19,363 - request - DEBUG - 第6个商品的价格是0.05
2018-08-14 18:57:19,690 - request - DEBUG - 第6个商品的数量是1
2018-08-14 18:57:19,968 - request - DEBUG - 购物车中已选中sku总额是0.3
2018-08-14 18:57:20,523 - request - DEBUG - 结算合计金额是0.3
2018-08-14 18:57:20,523 - request - DEBUG - 测试用例执行完成！
2018-08-14 18:57:20,524 - request - DEBUG - *************购物车测试完成*************
2018-08-14 19:14:21,249 - request - DEBUG - oppoADB driver初始化完成
2018-08-14 19:15:00,554 - request - DEBUG - oppoADB driver初始化完成
2018-08-14 19:49:11,683 - request - DEBUG - oppoADB driver初始化完成
2018-08-17 14:15:44,206 - request - DEBUG - oppoADB driver初始化完成
2018-08-17 14:16:24,870 - request - DEBUG - 微信已登录，请直接操作！
2018-08-17 14:22:50,243 - request - DEBUG - oppoADB driver初始化完成
2018-08-17 14:48:39,248 - request - DEBUG - oppoADB driver初始化完成
2018-08-22 11:32:28,806 - request - DEBUG - 微信登录成功
2018-08-22 11:33:23,741 - request - DEBUG - 句柄切换成功
2018-08-22 11:33:23,741 - request - INFO - 开始测试
2018-08-22 11:33:23,741 - request - INFO - 当前时间是2018-08-22 11:33:23
2018-08-22 11:33:44,216 - request - DEBUG - 微信已登录，请直接操作！
2018-08-22 11:33:58,143 - request - DEBUG - 进入到购物车页面！
2018-08-22 11:33:58,143 - request - DEBUG - *************开始测试购物车*************
2018-08-22 11:33:58,143 - request - DEBUG - 开始执行测试用例!
2018-08-22 11:34:12,798 - request - DEBUG - 购物车中有0个商品
2018-08-22 11:34:55,735 - request - DEBUG - 测试用例执行完成！
2018-08-22 11:34:55,736 - request - DEBUG - 开始执行测试用例!
2018-08-22 11:35:22,080 - request - DEBUG - 购物车中有0个商品
2018-08-22 11:35:22,081 - request - DEBUG - 购物车中已选中sku总额是0.0
2018-08-22 11:35:22,625 - request - DEBUG - 测试用例执行完成！
2018-08-22 11:35:22,625 - request - DEBUG - *************购物车测试完成*************
2018-08-22 11:35:51,706 - request - INFO - 当前时间是2018-08-22 11:33:23
2018-08-22 11:35:51,706 - request - INFO - 耗时是147.9657061100006
2018-08-22 11:35:51,706 - request - INFO - 测试完毕
2018-08-22 14:34:12,562 - request - DEBUG - 微信登录成功
2018-08-22 14:38:20,210 - request - DEBUG - 微信已登录，请直接操作！
2018-08-22 14:39:00,247 - request - DEBUG - 寻找句柄中
2018-08-22 14:39:01,991 - request - DEBUG - 句柄切换成功
2018-08-22 14:39:01,991 - request - INFO - 开始测试
2018-08-22 14:39:01,991 - request - INFO - 当前时间是2018-08-22 14:39:01
2018-08-22 14:39:22,278 - request - DEBUG - 微信已登录，请直接操作！
2018-08-22 14:41:07,351 - request - DEBUG - 微信已登录，请直接操作！
2018-08-22 14:41:48,149 - request - DEBUG - 寻找句柄中
2018-08-22 14:41:49,641 - request - DEBUG - 句柄切换成功
2018-08-22 14:41:49,641 - request - INFO - 开始测试
2018-08-22 14:41:49,642 - request - INFO - 当前时间是2018-08-22 14:41:49
2018-08-22 14:41:54,304 - request - DEBUG - 进入商品Strawberry Fool 卡百利详情
2018-08-22 14:41:54,304 - request - DEBUG - *************开始测试商详页面*！************
2018-08-22 14:41:54,304 - request - DEBUG - 开始执行测试用例！
2018-08-22 14:42:32,131 - request - DEBUG - 进入商品Strawberry Fool 卡百利详情
2018-08-22 14:42:32,132 - request - DEBUG - 测试用例执行完成
2018-08-22 14:42:34,692 - request - DEBUG - 开始执行测试用例！
2018-08-22 14:42:40,600 - request - DEBUG - 测试用例执行完成
2018-08-22 14:42:43,257 - request - DEBUG - 开始执行测试用例！
2018-08-22 14:42:46,405 - request - DEBUG - 测试用例执行完成
2018-08-22 14:42:48,850 - request - DEBUG - 开始执行测试用例！
2018-08-22 14:42:51,992 - request - DEBUG - 测试用例执行完成
2018-08-22 14:42:53,993 - request - DEBUG - 开始执行测试用例！
2018-08-22 14:42:57,104 - request - DEBUG - 测试用例执行完成
2018-08-22 14:42:59,372 - request - DEBUG - 开始执行测试用例！
2018-08-22 14:43:01,091 - request - DEBUG - 测试用例执行完成
2018-08-22 14:43:03,769 - request - DEBUG - *************商详页面测试结束！*************
2018-08-22 14:43:11,400 - request - DEBUG - 进入到购物车页面！
2018-08-22 14:43:11,400 - request - DEBUG - *************开始测试购物车*************
2018-08-22 14:43:11,400 - request - DEBUG - 开始执行测试用例!
2018-08-22 14:43:21,650 - request - DEBUG - 购物车中有4个商品
2018-08-22 14:43:22,608 - request - DEBUG - 购物车中第1个商品已选中
2018-08-22 14:43:45,271 - request - DEBUG - 购物车中第3个商品已选中
2018-08-22 14:43:46,212 - request - DEBUG - 购物车中第4个商品已失效
2018-08-22 14:43:47,099 - request - DEBUG - 测试用例执行完成！
2018-08-22 14:43:47,100 - request - DEBUG - 开始执行测试用例!
2018-08-22 14:43:57,263 - request - DEBUG - 购物车中有4个商品
2018-08-22 14:44:02,309 - request - DEBUG - 购物车中已选中sku总额是1.09
2018-08-22 14:44:02,770 - request - DEBUG - 结算合计金额是1.09
2018-08-22 14:44:02,770 - request - DEBUG - 测试用例执行完成！
2018-08-22 14:44:02,770 - request - DEBUG - *************购物车测试完成*************
2018-08-22 14:44:10,464 - request - INFO - 当前时间是2018-08-22 14:41:49
2018-08-22 14:44:10,464 - request - INFO - 耗时是140.82294034957886
2018-08-22 14:44:10,464 - request - INFO - 测试完毕
2018-08-22 15:01:56,431 - request - INFO - 开始测试
2018-08-22 15:01:56,432 - request - INFO - 当前时间是2018-08-22 15:01:56
2018-08-22 15:02:17,177 - request - DEBUG - 微信已登录，请直接操作！
2018-08-22 15:02:58,077 - request - DEBUG - 寻找句柄中
2018-08-22 15:02:59,472 - request - DEBUG - 句柄切换成功
2018-08-22 15:03:04,200 - request - DEBUG - 进入商品Strawberry Fool 卡百利详情
2018-08-22 15:03:04,200 - request - DEBUG - *************开始测试商详页面*************
2018-08-22 15:03:04,201 - request - DEBUG - 开始执行测试用例！
2018-08-22 15:03:41,566 - request - DEBUG - 进入商品Strawberry Fool 卡百利详情
2018-08-22 15:03:41,567 - request - DEBUG - 测试用例执行完成
2018-08-22 15:03:43,880 - request - DEBUG - 开始执行测试用例！
2018-08-22 15:03:49,087 - request - DEBUG - 测试用例执行完成
2018-08-22 15:03:51,145 - request - DEBUG - 开始执行测试用例！
2018-08-22 15:03:53,947 - request - DEBUG - 测试用例执行完成
2018-08-22 15:03:55,840 - request - DEBUG - 开始执行测试用例！
2018-08-22 15:03:58,621 - request - DEBUG - 测试用例执行完成
2018-08-22 15:04:00,750 - request - DEBUG - 开始执行测试用例！
2018-08-22 15:04:03,520 - request - DEBUG - 测试用例执行完成
2018-08-22 15:04:05,389 - request - DEBUG - 开始执行测试用例！
2018-08-22 15:04:07,321 - request - DEBUG - 测试用例执行完成
2018-08-22 15:04:09,201 - request - DEBUG - *************商详页面测试结束！*************
2018-08-22 15:04:16,060 - request - DEBUG - 进入到购物车页面！
2018-08-22 15:04:16,061 - request - DEBUG - *************开始测试购物车*************
2018-08-22 15:04:16,061 - request - DEBUG - 开始执行测试用例!
2018-08-22 15:04:26,373 - request - DEBUG - 购物车中有4个商品
2018-08-22 15:04:27,187 - request - DEBUG - 购物车中第1个商品已选中
2018-08-22 15:04:27,961 - request - DEBUG - 购物车中第2个商品已选中
2018-08-22 15:04:28,840 - request - DEBUG - 购物车中第3个商品已选中
2018-08-22 15:04:29,651 - request - DEBUG - 购物车中第4个商品已失效
2018-08-22 15:04:30,460 - request - DEBUG - 测试用例执行完成！
2018-08-22 15:04:30,460 - request - DEBUG - 开始执行测试用例!
2018-08-22 15:04:40,560 - request - DEBUG - 购物车中有4个商品
2018-08-22 15:04:45,119 - request - DEBUG - 购物车中已选中sku总额是1.1
2018-08-22 15:04:45,598 - request - DEBUG - 结算合计金额是1.1
2018-08-22 15:04:45,598 - request - DEBUG - 测试用例执行完成！
2018-08-22 15:04:45,599 - request - DEBUG - *************购物车测试完成*************
2018-08-22 15:04:52,073 - request - INFO - 当前时间是2018-08-22 15:04:52
2018-08-22 15:40:07,708 - request - DEBUG - 微信已登录，请直接操作！
2018-08-22 15:40:49,006 - request - DEBUG - 寻找句柄中
2018-08-22 15:40:50,373 - request - DEBUG - 句柄切换成功
2018-08-22 15:40:50,373 - request - INFO - 开始测试
2018-08-22 15:40:50,373 - request - INFO - 当前时间是2018-08-22 15:40:50
2018-08-22 15:40:54,714 - request - DEBUG - 进入商品Strawberry Fool 卡百利详情
2018-08-22 15:40:54,714 - request - DEBUG - *************开始测试商详页面*************
2018-08-22 15:40:54,715 - request - DEBUG - 开始执行测试用例！
2018-08-22 15:41:30,937 - request - DEBUG - 进入商品Strawberry Fool 卡百利详情
2018-08-22 15:41:30,937 - request - DEBUG - 测试用例执行完成
2018-08-22 15:41:33,077 - request - DEBUG - 开始执行测试用例！
2018-08-22 15:41:38,280 - request - DEBUG - 测试用例执行完成
2018-08-22 15:41:41,053 - request - DEBUG - 开始执行测试用例！
2018-08-22 15:41:44,785 - request - DEBUG - 测试用例执行完成
2018-08-22 15:41:47,500 - request - DEBUG - 开始执行测试用例！
2018-08-22 15:41:50,031 - request - DEBUG - 测试用例执行完成
2018-08-22 15:41:51,959 - request - DEBUG - 开始执行测试用例！
2018-08-22 15:41:54,968 - request - DEBUG - 测试用例执行完成
2018-08-22 15:41:56,968 - request - DEBUG - 开始执行测试用例！
2018-08-22 15:41:58,871 - request - DEBUG - 测试用例执行完成
2018-08-22 15:42:00,940 - request - DEBUG - *************商详页面测试结束！*************
2018-08-22 15:42:08,148 - request - DEBUG - 进入到购物车页面！
2018-08-22 15:42:08,148 - request - DEBUG - *************开始测试购物车*************
2018-08-22 15:42:08,148 - request - DEBUG - 开始执行测试用例!
2018-08-22 15:42:18,381 - request - DEBUG - 购物车中有4个商品
2018-08-22 15:42:19,298 - request - DEBUG - 购物车中第1个商品已选中
2018-08-22 15:42:20,359 - request - DEBUG - 购物车中第2个商品已选中
2018-08-22 15:42:21,258 - request - DEBUG - 购物车中第3个商品已选中
2018-08-22 15:42:22,102 - request - DEBUG - 购物车中第4个商品已失效
2018-08-22 15:42:23,004 - request - DEBUG - 测试用例执行完成！
2018-08-22 15:42:23,005 - request - DEBUG - 开始执行测试用例!
2018-08-22 15:42:33,127 - request - DEBUG - 购物车中有4个商品
2018-08-22 15:42:37,699 - request - DEBUG - 购物车中已选中sku总额是8.03
2018-08-22 15:42:38,175 - request - DEBUG - 结算合计金额是8.03
2018-08-22 15:42:38,176 - request - DEBUG - 测试用例执行完成！
2018-08-22 15:42:38,176 - request - DEBUG - *************购物车测试完成*************
2018-08-22 15:42:44,370 - request - INFO - 当前时间是2018-08-22 15:40:50
2018-08-22 15:42:44,371 - request - INFO - 耗时是113.99704360961914
2018-08-22 15:42:44,371 - request - INFO - 测试完毕
2018-08-22 16:35:09,348 - request - DEBUG - 微信已登录，请直接操作！
2018-08-22 16:35:49,417 - request - DEBUG - 寻找句柄中
2018-08-22 16:35:50,883 - request - DEBUG - 句柄切换成功
2018-08-22 16:35:50,883 - request - INFO - 开始测试
2018-08-22 16:35:50,884 - request - INFO - 当前时间是2018-08-22 16:35:50
2018-08-22 16:35:56,161 - request - DEBUG - 进入商品Strawberry Fool 卡百利详情
2018-08-22 16:35:56,161 - request - DEBUG - *************开始测试商详页面*************
2018-08-22 16:35:56,162 - request - DEBUG - 开始执行测试用例！
2018-08-22 16:36:33,859 - request - DEBUG - 进入商品Strawberry Fool 卡百利详情
2018-08-22 16:36:33,860 - request - DEBUG - 测试用例执行完成
2018-08-22 16:36:35,924 - request - DEBUG - 开始执行测试用例！
2018-08-22 16:36:41,302 - request - DEBUG - 测试用例执行完成
2018-08-22 16:36:43,295 - request - DEBUG - 开始执行测试用例！
2018-08-22 16:36:46,169 - request - DEBUG - 测试用例执行完成
2018-08-22 16:36:49,007 - request - DEBUG - 开始执行测试用例！
2018-08-22 16:36:51,884 - request - DEBUG - 测试用例执行完成
2018-08-22 16:36:54,276 - request - DEBUG - 开始执行测试用例！
2018-08-22 16:36:57,780 - request - DEBUG - 测试用例执行完成
2018-08-22 16:36:59,792 - request - DEBUG - 开始执行测试用例！
2018-08-22 16:37:01,853 - request - DEBUG - 测试用例执行完成
2018-08-22 16:37:03,991 - request - DEBUG - *************商详页面测试结束！*************
2018-08-22 16:37:10,615 - request - DEBUG - 进入到购物车页面！
2018-08-22 16:37:10,615 - request - DEBUG - *************开始测试购物车*************
2018-08-22 16:37:10,615 - request - DEBUG - 开始执行测试用例!
2018-08-22 16:37:20,885 - request - DEBUG - 购物车中有4个商品
2018-08-22 16:37:21,928 - request - DEBUG - 购物车中第1个商品已选中
2018-08-22 16:37:22,964 - request - DEBUG - 购物车中第2个商品已选中
2018-08-22 16:37:23,861 - request - DEBUG - 购物车中第3个商品已选中
2018-08-22 16:37:24,628 - request - DEBUG - 购物车中第4个商品已失效
2018-08-22 16:37:25,482 - request - DEBUG - 测试用例执行完成！
2018-08-22 16:37:25,483 - request - DEBUG - 开始执行测试用例!
2018-08-22 16:37:35,573 - request - DEBUG - 购物车中有4个商品
2018-08-22 16:37:40,164 - request - DEBUG - 购物车中已选中sku总额是8.04
2018-08-22 16:37:40,698 - request - DEBUG - 结算合计金额是8.04
2018-08-22 16:37:40,699 - request - DEBUG - 测试用例执行完成！
2018-08-22 16:37:40,699 - request - DEBUG - *************购物车测试完成*************
2018-08-22 16:37:48,147 - request - INFO - 当前时间是2018-08-22 16:35:50
2018-08-22 16:37:48,147 - request - INFO - 耗时是117.26322221755981
2018-08-22 16:37:48,147 - request - INFO - 测试完毕
2019-03-01 10:47:09,778 - request - DEBUG - 一个debug信息
2019-03-01 10:47:09,778 - request - INFO - 一个info信息
2019-03-01 10:47:09,778 - request - WARNING - 一个warning信息
2019-03-01 10:47:09,778 - request - ERROR - 一个error信息
2019-03-01 10:47:09,779 - request - CRITICAL - 一个致命critical信息
2019-03-01 10:47:37,824 - request - DEBUG - 一个debug信息
2019-03-01 10:47:37,824 - request - INFO - 一个info信息
2019-03-01 10:47:37,824 - request - WARNING - 一个warning信息
2019-03-01 10:47:37,824 - request - ERROR - 一个error信息
2019-03-01 10:47:37,824 - request - CRITICAL - 一个致命critical信息
2019-03-01 11:02:14,498 - request - DEBUG - 一个debug信息
2019-03-01 11:02:14,499 - request - INFO - 一个info信息
2019-03-01 11:02:14,499 - request - WARNING - 一个warning信息
2019-03-01 11:02:14,499 - request - ERROR - 一个error信息
2019-03-01 11:02:14,499 - request - CRITICAL - 一个致命critical信息
2019-04-11 10:25:56,621 - request - DEBUG - 微信已登录，请直接操作！
2019-04-11 11:07:49,531 - request - DEBUG - 微信已登录，请直接操作！
2019-04-11 11:38:43,744 - request - DEBUG - 微信已登录，请直接操作！
2019-04-11 13:43:21,434 - request - DEBUG - 微信已登录，请直接操作！
